00:00:00.092985 VirtualBox VM 7.1.8 r168469 linux.amd64 (May 15 2025 10:16:19) release log
00:00:00.092989 Log opened 2025-05-19T03:38:08.372660000Z
00:00:00.092991 Build Type: release
00:00:00.092998 OS Product: Linux
00:00:00.093002 OS Release: 6.8.0-60-generic
00:00:00.093006 OS Version: #63-Ubuntu SMP PREEMPT_DYNAMIC Tue Apr 15 19:04:15 UTC 2025
00:00:00.093058 DMI Product Name: Ubuntu 24.04 PC (i440FX + PIIX, 1996)
00:00:00.093084 DMI Product Version: pc-i440fx-noble
00:00:00.093106 Firmware type: BIOS
00:00:00.093203 Host RAM: 125762MB (122.8GB) total, 125030MB (122.0GB) available
00:00:00.093209 Executable: /home/nasm/bin/VBoxHeadless
00:00:00.093210 Process ID: 1712
00:00:00.093211 Package type: LINUX_64BITS_GENERIC (OSE)
00:00:00.118378 Installed Extension Packs:
00:00:00.118529   Oracle VBoxDTrace Extension Pack (Version: 7.1.8 r168469; VRDE Module: ; Crypto Module: )
00:00:00.122996 Console: Machine state changed to 'Starting'
00:00:00.185753 SUP: seg #0: R   0x00000000 LB 0x00052000
00:00:00.185805 SUP: seg #1: R X 0x00052000 LB 0x00243000
00:00:00.185813 SUP: seg #2: R   0x00295000 LB 0x00079000
00:00:00.185820 SUP: seg #3: RW  0x0030e000 LB 0x0002eb18
00:00:00.200915 SUP: Loaded VMMR0.r0 (/home/nasm/bin/VMMR0.r0) at 0xXXXXXXXXXXXXXXXX - ModuleInit at XXXXXXXXXXXXXXXX and ModuleTerm at XXXXXXXXXXXXXXXX
00:00:00.200944 SUP: VMMR0EntryEx located at XXXXXXXXXXXXXXXX and VMMR0EntryFast at XXXXXXXXXXXXXXXX
00:00:00.216948 Guest architecture: x86
00:00:00.217396 Guest OS type: 'Linux26_64'
00:00:00.223668 fHMForced=true - No raw-mode support in this build!
00:00:00.223687 Using execution engine 1
00:00:00.241479 File system of '/home/nasm/boot.iso' (DVD) is ext4
00:00:00.260783 rtldrNativeLoad: dlopen('/home/nasm/bin/VBoxSharedClipboard.so', RTLD_NOW | RTLD_LOCAL) failed: /home/nasm/bin/VBoxSharedClipboard.so: undefined symbol: _Z36ShClBackendTransferHandleStatusReplyP11SHCLBACKENDP11_SHCLCLIENTP12SHCLTRANSFER10SHCLSOURCEji
00:00:00.260816 HGCM: Failed to load the service library: [VBoxSharedClipboard], vrc = VERR_FILE_NOT_FOUND - /home/nasm/bin/VBoxSharedClipboard.so: undefined symbol: _Z36ShClBackendTransferHandleStatusReplyP11SHCLBACKENDP11_SHCLCLIENTP12SHCLTRANSFER10SHCLSOURCEji. The service will be not available.
00:00:00.261113 Shared Clipboard: Not available, vrc=VERR_FILE_NOT_FOUND
00:00:00.267698 Drag and drop service loaded
00:00:00.267724 Drag and drop mode: Off
00:00:00.321644 Audio: Detected default audio driver type is 'ALSAAudio'
00:00:00.352875 ************************* CFGM dump *************************
00:00:00.352880 [/] (level 0)
00:00:00.352883   CpuExecutionCap   <integer> = 0x0000000000000064 (100)
00:00:00.352886   EnablePAE         <integer> = 0x0000000000000001 (1)
00:00:00.352887   HMEnabled         <integer> = 0x0000000000000001 (1)
00:00:00.352888   MemBalloonSize    <integer> = 0x0000000000000000 (0, 0 B)
00:00:00.352892   Name              <string>  = "target_L2" (cb=10)
00:00:00.352893   NumCPUs           <integer> = 0x0000000000000002 (2)
00:00:00.352894   PageFusionAllowed <integer> = 0x0000000000000000 (0)
00:00:00.352894   RamHoleSize       <integer> = 0x0000000020000000 (536 870 912, 512.0 MiB)
00:00:00.352896   RamSize           <integer> = 0x00000001f8800000 (8 464 105 472, 7.8 GiB)
00:00:00.352897   TimerMillies      <integer> = 0x000000000000000a (10)
00:00:00.352898   UUID              <bytes>   = "ab 1b ff eb db 44 7a 46 b2 be f4 a0 f9 97 7e 47" (cb=16)
00:00:00.352902 
00:00:00.352902 [/CPUM/] (level 1)
00:00:00.352903   Enable64bit        <integer> = 0x0000000000000001 (1)
00:00:00.352904   GuestCpuName       <string>  = "host" (cb=5)
00:00:00.352905   NestedHWVirt       <integer> = 0x0000000000000000 (0)
00:00:00.352906   PortableCpuIdLevel <integer> = 0x0000000000000000 (0)
00:00:00.352906   SpecCtrl           <integer> = 0x0000000000000000 (0)
00:00:00.352907 
00:00:00.352907 [/CPUM/IsaExts/] (level 2)
00:00:00.352908 
00:00:00.352909 [/DBGC/] (level 1)
00:00:00.352910   GlobalInitScript <string>  = "/root/.config/VirtualBox/dbgc-init" (cb=35)
00:00:00.352910   HistoryFile      <string>  = "/root/.config/VirtualBox/dbgc-history" (cb=38)
00:00:00.352911   LocalInitScript  <string>  = "/root/VirtualBox VMs/target_L2/dbgc-init" (cb=41)
00:00:00.352911 
00:00:00.352912 [/DBGF/] (level 1)
00:00:00.352912   Path <string>  = "/root/VirtualBox VMs/target_L2/debug/;/root/VirtualBox VMs/target_L2/;cache*/root/VirtualBox VMs/target_L2/dbgcache/;/root/" (cb=124)
00:00:00.352913 
00:00:00.352913 [/Devices/] (level 1)
00:00:00.352914 
00:00:00.352914 [/Devices/3c501/] (level 2)
00:00:00.352915 
00:00:00.352915 [/Devices/8237A/] (level 2)
00:00:00.352915 
00:00:00.352916 [/Devices/8237A/0/] (level 3)
00:00:00.352916   Trusted <integer> = 0x0000000000000001 (1)
00:00:00.352917 
00:00:00.352917 [/Devices/GIMDev/] (level 2)
00:00:00.352918 
00:00:00.352918 [/Devices/GIMDev/0/] (level 3)
00:00:00.352919   Trusted <integer> = 0x0000000000000001 (1)
00:00:00.352919 
00:00:00.352920 [/Devices/VMMDev/] (level 2)
00:00:00.352920 
00:00:00.352920 [/Devices/VMMDev/0/] (level 3)
00:00:00.352921   PCIBusNo      <integer> = 0x0000000000000000 (0)
00:00:00.352922   PCIDeviceNo   <integer> = 0x0000000000000004 (4)
00:00:00.352923   PCIFunctionNo <integer> = 0x0000000000000000 (0)
00:00:00.352923   Trusted       <integer> = 0x0000000000000001 (1)
00:00:00.352924 
00:00:00.352924 [/Devices/VMMDev/0/Config/] (level 4)
00:00:00.352925   GuestCoreDumpDir <string>  = "/root/VirtualBox VMs/target_L2/Snapshots" (cb=41)
00:00:00.352925 
00:00:00.352926 [/Devices/VMMDev/0/LUN#0/] (level 4)
00:00:00.352927   Driver <string>  = "HGCM" (cb=5)
00:00:00.352927 
00:00:00.352927 [/Devices/VMMDev/0/LUN#0/Config/] (level 5)
00:00:00.352928 
00:00:00.352928 [/Devices/VMMDev/0/LUN#999/] (level 4)
00:00:00.352929   Driver <string>  = "MainStatus" (cb=11)
00:00:00.352930 
00:00:00.352930 [/Devices/VMMDev/0/LUN#999/Config/] (level 5)
00:00:00.352931   First                <integer> = 0x0000000000000000 (0)
00:00:00.352932   HasMediumAttachments <integer> = 0x0000000000000000 (0)
00:00:00.352932   Last                 <integer> = 0x0000000000000000 (0)
00:00:00.352933   iLedSet              <integer> = 0x0000000000000003 (3)
00:00:00.352933 
00:00:00.352934 [/Devices/acpi/] (level 2)
00:00:00.352934 
00:00:00.352935 [/Devices/acpi/0/] (level 3)
00:00:00.352936   PCIBusNo      <integer> = 0x0000000000000000 (0)
00:00:00.352936   PCIDeviceNo   <integer> = 0x0000000000000007 (7)
00:00:00.352937   PCIFunctionNo <integer> = 0x0000000000000000 (0)
00:00:00.352937   Trusted       <integer> = 0x0000000000000001 (1)
00:00:00.352938 
00:00:00.352938 [/Devices/acpi/0/Config/] (level 4)
00:00:00.352939   CpuHotPlug          <integer> = 0x0000000000000000 (0)
00:00:00.352940   FdcEnabled          <integer> = 0x0000000000000000 (0)
00:00:00.352941   HostBusPciAddress   <integer> = 0x0000000000000000 (0)
00:00:00.352941   HpetEnabled         <integer> = 0x0000000000000000 (0)
00:00:00.352942   IOAPIC              <integer> = 0x0000000000000001 (1)
00:00:00.352943   IocPciAddress       <integer> = 0x0000000000010000 (65 536)
00:00:00.352944   NumCPUs             <integer> = 0x0000000000000002 (2)
00:00:00.352944   Parallel0IoPortBase <integer> = 0x0000000000000000 (0)
00:00:00.352945   Parallel0Irq        <integer> = 0x0000000000000000 (0)
00:00:00.352945   Parallel1IoPortBase <integer> = 0x0000000000000000 (0)
00:00:00.352946   Parallel1Irq        <integer> = 0x0000000000000000 (0)
00:00:00.352946   Serial0IoPortBase   <integer> = 0x0000000000000000 (0)
00:00:00.352947   Serial0Irq          <integer> = 0x0000000000000000 (0)
00:00:00.352947   Serial1IoPortBase   <integer> = 0x0000000000000000 (0)
00:00:00.352948   Serial1Irq          <integer> = 0x0000000000000000 (0)
00:00:00.352949   ShowCpu             <integer> = 0x0000000000000001 (1)
00:00:00.352949   ShowRtc             <integer> = 0x0000000000000000 (0)
00:00:00.352950   SmcEnabled          <integer> = 0x0000000000000000 (0)
00:00:00.352950 
00:00:00.352951 [/Devices/acpi/0/LUN#0/] (level 4)
00:00:00.352951   Driver <string>  = "ACPIHost" (cb=9)
00:00:00.352952 
00:00:00.352952 [/Devices/acpi/0/LUN#0/Config/] (level 5)
00:00:00.352953 
00:00:00.352953 [/Devices/acpi/0/LUN#1/] (level 4)
00:00:00.352954   Driver <string>  = "ACPICpu" (cb=8)
00:00:00.352954 
00:00:00.352955 [/Devices/acpi/0/LUN#1/Config/] (level 5)
00:00:00.352955 
00:00:00.352956 [/Devices/apic/] (level 2)
00:00:00.352956 
00:00:00.352957 [/Devices/apic/0/] (level 3)
00:00:00.352957   Trusted <integer> = 0x0000000000000001 (1)
00:00:00.352958 
00:00:00.352958 [/Devices/apic/0/Config/] (level 4)
00:00:00.352959   IOAPIC  <integer> = 0x0000000000000001 (1)
00:00:00.352959   Mode    <integer> = 0x0000000000000003 (3)
00:00:00.352960   NumCPUs <integer> = 0x0000000000000002 (2)
00:00:00.352960 
00:00:00.352961 [/Devices/dp8390/] (level 2)
00:00:00.352961 
00:00:00.352961 [/Devices/e1000/] (level 2)
00:00:00.352962 
00:00:00.352962 [/Devices/e1000/0/] (level 3)
00:00:00.352963   PCIBusNo      <integer> = 0x0000000000000000 (0)
00:00:00.352964   PCIDeviceNo   <integer> = 0x0000000000000003 (3)
00:00:00.352964   PCIFunctionNo <integer> = 0x0000000000000000 (0)
00:00:00.352965   Trusted       <integer> = 0x0000000000000001 (1)
00:00:00.352965 
00:00:00.352966 [/Devices/e1000/0/Config/] (level 4)
00:00:00.352966   AdapterType    <integer> = 0x0000000000000000 (0)
00:00:00.352967   CableConnected <integer> = 0x0000000000000001 (1)
00:00:00.352967   LineSpeed      <integer> = 0x0000000000000000 (0)
00:00:00.352968   MAC            <bytes>   = "08 00 27 91 4e ec" (cb=6)
00:00:00.352969 
00:00:00.352969 [/Devices/e1000/0/LUN#0/] (level 4)
00:00:00.352970   Driver <string>  = "NAT" (cb=4)
00:00:00.352970 
00:00:00.352971 [/Devices/e1000/0/LUN#0/Config/] (level 5)
00:00:00.352972   AliasMode          <integer> = 0x0000000000000000 (0)
00:00:00.352972   BootFile           <string>  = "target_L2.pxe" (cb=14)
00:00:00.352973   DNSProxy           <integer> = 0x0000000000000000 (0)
00:00:00.352974   ForwardBroadcast   <integer> = 0x0000000000000000 (0)
00:00:00.352974   LocalhostReachable <integer> = 0x0000000000000001 (1)
00:00:00.352975   Network            <string>  = "10.0.2.0/24" (cb=12)
00:00:00.352975   PassDomain         <integer> = 0x0000000000000001 (1)
00:00:00.352976   TFTPPrefix         <string>  = "/root/.config/VirtualBox/TFTP" (cb=30)
00:00:00.352976   UseHostResolver    <integer> = 0x0000000000000000 (0)
00:00:00.352977 
00:00:00.352977 [/Devices/e1000/0/LUN#999/] (level 4)
00:00:00.352978   Driver <string>  = "MainStatus" (cb=11)
00:00:00.352978 
00:00:00.352978 [/Devices/e1000/0/LUN#999/Config/] (level 5)
00:00:00.352979   First                <integer> = 0x0000000000000000 (0)
00:00:00.352980   HasMediumAttachments <integer> = 0x0000000000000000 (0)
00:00:00.352981   Last                 <integer> = 0x0000000000000000 (0)
00:00:00.352982   iLedSet              <integer> = 0x0000000000000002 (2)
00:00:00.352982 
00:00:00.352982 [/Devices/i8254/] (level 2)
00:00:00.352983 
00:00:00.352983 [/Devices/i8254/0/] (level 3)
00:00:00.352984 
00:00:00.352984 [/Devices/i8254/0/Config/] (level 4)
00:00:00.352985 
00:00:00.352985 [/Devices/i8259/] (level 2)
00:00:00.352986 
00:00:00.352986 [/Devices/i8259/0/] (level 3)
00:00:00.352987   Trusted <integer> = 0x0000000000000001 (1)
00:00:00.352988 
00:00:00.352988 [/Devices/i8259/0/Config/] (level 4)
00:00:00.352988 
00:00:00.352989 [/Devices/ichac97/] (level 2)
00:00:00.352989 
00:00:00.352990 [/Devices/ichac97/0/] (level 3)
00:00:00.352990   PCIBusNo      <integer> = 0x0000000000000000 (0)
00:00:00.352991   PCIDeviceNo   <integer> = 0x0000000000000005 (5)
00:00:00.352991   PCIFunctionNo <integer> = 0x0000000000000000 (0)
00:00:00.352992   Trusted       <integer> = 0x0000000000000001 (1)
00:00:00.352992 
00:00:00.352993 [/Devices/ichac97/0/AudioConfig/] (level 4)
00:00:00.352993 
00:00:00.352994 [/Devices/ichac97/0/Config/] (level 4)
00:00:00.352994   Codec        <string>  = "STAC9700" (cb=9)
00:00:00.352995   DebugEnabled <integer> = 0x0000000000000000 (0)
00:00:00.352995 
00:00:00.352996 [/Devices/ichac97/0/LUN#0/] (level 4)
00:00:00.352996   Driver <string>  = "AUDIO" (cb=6)
00:00:00.352997 
00:00:00.352997 [/Devices/ichac97/0/LUN#0/AttachedDriver/] (level 5)
00:00:00.352998   Driver <string>  = "ALSAAudio" (cb=10)
00:00:00.352999 
00:00:00.352999 [/Devices/ichac97/0/LUN#0/AttachedDriver/Config/] (level 6)
00:00:00.353000 
00:00:00.353000 [/Devices/ichac97/0/LUN#0/Config/] (level 5)
00:00:00.353001   DriverName    <string>  = "ALSAAudio" (cb=10)
00:00:00.353002   InputEnabled  <integer> = 0x0000000000000000 (0)
00:00:00.353002   OutputEnabled <integer> = 0x0000000000000000 (0)
00:00:00.353003 
00:00:00.353003 [/Devices/ichac97/0/LUN#1/] (level 4)
00:00:00.353004   Driver <string>  = "AUDIO" (cb=6)
00:00:00.353004 
00:00:00.353004 [/Devices/ioapic/] (level 2)
00:00:00.353005 
00:00:00.353005 [/Devices/ioapic/0/] (level 3)
00:00:00.353006   Trusted <integer> = 0x0000000000000001 (1)
00:00:00.353006 
00:00:00.353006 [/Devices/ioapic/0/Config/] (level 4)
00:00:00.353007   NumCPUs <integer> = 0x0000000000000002 (2)
00:00:00.353008 
00:00:00.353008 [/Devices/mc146818/] (level 2)
00:00:00.353009 
00:00:00.353009 [/Devices/mc146818/0/] (level 3)
00:00:00.353009 
00:00:00.353010 [/Devices/mc146818/0/Config/] (level 4)
00:00:00.353010   UseUTC <integer> = 0x0000000000000001 (1)
00:00:00.353011 
00:00:00.353011 [/Devices/parallel/] (level 2)
00:00:00.353012 
00:00:00.353012 [/Devices/pcarch/] (level 2)
00:00:00.353013 
00:00:00.353013 [/Devices/pcarch/0/] (level 3)
00:00:00.353014   Trusted <integer> = 0x0000000000000001 (1)
00:00:00.353014 
00:00:00.353014 [/Devices/pcarch/0/Config/] (level 4)
00:00:00.353015 
00:00:00.353015 [/Devices/pcbios/] (level 2)
00:00:00.353016 
00:00:00.353016 [/Devices/pcbios/0/] (level 3)
00:00:00.353017   Trusted <integer> = 0x0000000000000001 (1)
00:00:00.353017 
00:00:00.353018 [/Devices/pcbios/0/Config/] (level 4)
00:00:00.353019   APIC            <integer> = 0x0000000000000001 (1)
00:00:00.353019   BootDevice0     <string>  = "DVD" (cb=4)
00:00:00.353020   BootDevice1     <string>  = "NONE" (cb=5)
00:00:00.353020   BootDevice2     <string>  = "NONE" (cb=5)
00:00:00.353021   BootDevice3     <string>  = "NONE" (cb=5)
00:00:00.353021   DmiSystemSerial <string>  = "VirtualBox-<DmiSystemUuid>" (cb=27)
00:00:00.353022   FloppyDevice    <string>  = "i82078" (cb=7)
00:00:00.353022   HardDiskDevice  <string>  = "piix3ide" (cb=9)
00:00:00.353023   IOAPIC          <integer> = 0x0000000000000001 (1)
00:00:00.353023   McfgBase        <integer> = 0x0000000000000000 (0)
00:00:00.353024   McfgLength      <integer> = 0x0000000000000000 (0)
00:00:00.353024   NumCPUs         <integer> = 0x0000000000000002 (2)
00:00:00.353025   PXEDebug        <integer> = 0x0000000000000000 (0)
00:00:00.353026   UUID            <bytes>   = "ab 1b ff eb db 44 7a 46 b2 be f4 a0 f9 97 7e 47" (cb=16)
00:00:00.353028   UuidLe          <integer> = 0x0000000000000001 (1)
00:00:00.353028 
00:00:00.353029 [/Devices/pcbios/0/Config/NetBoot/] (level 5)
00:00:00.353030 
00:00:00.353030 [/Devices/pcbios/0/Config/NetBoot/0/] (level 6)
00:00:00.353031   NIC           <integer> = 0x0000000000000000 (0)
00:00:00.353032   PCIBusNo      <integer> = 0x0000000000000000 (0)
00:00:00.353032   PCIDeviceNo   <integer> = 0x0000000000000003 (3)
00:00:00.353033   PCIFunctionNo <integer> = 0x0000000000000000 (0)
00:00:00.353033 
00:00:00.353033 [/Devices/pci/] (level 2)
00:00:00.353034 
00:00:00.353034 [/Devices/pci/0/] (level 3)
00:00:00.353035   Trusted <integer> = 0x0000000000000001 (1)
00:00:00.353036 
00:00:00.353036 [/Devices/pci/0/Config/] (level 4)
00:00:00.353037   IOAPIC <integer> = 0x0000000000000001 (1)
00:00:00.353037 
00:00:00.353037 [/Devices/pcibridge/] (level 2)
00:00:00.353038 
00:00:00.353038 [/Devices/pckbd/] (level 2)
00:00:00.353039 
00:00:00.353039 [/Devices/pckbd/0/] (level 3)
00:00:00.353040   Trusted <integer> = 0x0000000000000001 (1)
00:00:00.353040 
00:00:00.353040 [/Devices/pckbd/0/Config/] (level 4)
00:00:00.353041 
00:00:00.353041 [/Devices/pckbd/0/LUN#0/] (level 4)
00:00:00.353042   Driver <string>  = "KeyboardQueue" (cb=14)
00:00:00.353043 
00:00:00.353043 [/Devices/pckbd/0/LUN#0/AttachedDriver/] (level 5)
00:00:00.353044   Driver <string>  = "MainKeyboard" (cb=13)
00:00:00.353044 
00:00:00.353044 [/Devices/pckbd/0/LUN#0/Config/] (level 5)
00:00:00.353045   QueueSize <integer> = 0x0000000000000040 (64, 64 B)
00:00:00.353046 
00:00:00.353046 [/Devices/pckbd/0/LUN#1/] (level 4)
00:00:00.353047   Driver <string>  = "MouseQueue" (cb=11)
00:00:00.353047 
00:00:00.353048 [/Devices/pckbd/0/LUN#1/AttachedDriver/] (level 5)
00:00:00.353049   Driver <string>  = "MainMouse" (cb=10)
00:00:00.353049 
00:00:00.353049 [/Devices/pckbd/0/LUN#1/Config/] (level 5)
00:00:00.353050   QueueSize <integer> = 0x0000000000000080 (128, 128 B)
00:00:00.353051 
00:00:00.353051 [/Devices/pcnet/] (level 2)
00:00:00.353052 
00:00:00.353052 [/Devices/piix3ide/] (level 2)
00:00:00.353052 
00:00:00.353053 [/Devices/piix3ide/0/] (level 3)
00:00:00.353054   PCIBusNo      <integer> = 0x0000000000000000 (0)
00:00:00.353054   PCIDeviceNo   <integer> = 0x0000000000000001 (1)
00:00:00.353055   PCIFunctionNo <integer> = 0x0000000000000001 (1)
00:00:00.353055   Trusted       <integer> = 0x0000000000000001 (1)
00:00:00.353056 
00:00:00.353056 [/Devices/piix3ide/0/Config/] (level 4)
00:00:00.353057   Type <string>  = "PIIX4" (cb=6)
00:00:00.353057 
00:00:00.353057 [/Devices/piix3ide/0/LUN#0/] (level 4)
00:00:00.353058   Driver <string>  = "VD" (cb=3)
00:00:00.353059 
00:00:00.353059 [/Devices/piix3ide/0/LUN#0/Config/] (level 5)
00:00:00.353060   Format    <string>  = "RAW" (cb=4)
00:00:00.353061   Mountable <integer> = 0x0000000000000001 (1)
00:00:00.353061   Path      <string>  = "/home/nasm/boot.iso" (cb=20)
00:00:00.353062   ReadOnly  <integer> = 0x0000000000000001 (1)
00:00:00.353062   Type      <string>  = "DVD" (cb=4)
00:00:00.353063 
00:00:00.353063 [/Devices/piix3ide/0/LUN#999/] (level 4)
00:00:00.353064   Driver <string>  = "MainStatus" (cb=11)
00:00:00.353064 
00:00:00.353065 [/Devices/piix3ide/0/LUN#999/Config/] (level 5)
00:00:00.353065   DeviceInstance       <string>  = "piix3ide/0" (cb=11)
00:00:00.353066   First                <integer> = 0x0000000000000000 (0)
00:00:00.353067   HasMediumAttachments <integer> = 0x0000000000000001 (1)
00:00:00.353067   Last                 <integer> = 0x0000000000000003 (3)
00:00:00.353068   iLedSet              <integer> = 0x0000000000000001 (1)
00:00:00.353068 
00:00:00.353069 [/Devices/serial/] (level 2)
00:00:00.353069 
00:00:00.353070 [/Devices/vga/] (level 2)
00:00:00.353070 
00:00:00.353070 [/Devices/vga/0/] (level 3)
00:00:00.353071   PCIBusNo      <integer> = 0x0000000000000000 (0)
00:00:00.353072   PCIDeviceNo   <integer> = 0x0000000000000002 (2)
00:00:00.353072   PCIFunctionNo <integer> = 0x0000000000000000 (0)
00:00:00.353073   Trusted       <integer> = 0x0000000000000001 (1)
00:00:00.353074 
00:00:00.353074 [/Devices/vga/0/Config/] (level 4)
00:00:00.353075   3DEnabled        <integer> = 0x0000000000000000 (0)
00:00:00.353076   CustomVideoModes <integer> = 0x0000000000000000 (0)
00:00:00.353076   FadeIn           <integer> = 0x0000000000000001 (1)
00:00:00.353077   FadeOut          <integer> = 0x0000000000000001 (1)
00:00:00.353078   HeightReduction  <integer> = 0x0000000000000000 (0)
00:00:00.353079   LogoFile         <string>  = "" (cb=1)
00:00:00.353079   LogoTime         <integer> = 0x0000000000000000 (0)
00:00:00.353080   MonitorCount     <integer> = 0x0000000000000001 (1)
00:00:00.353080   ShowBootMenu     <integer> = 0x0000000000000002 (2)
00:00:00.353081   VRamSize         <integer> = 0x0000000001000000 (16 777 216, 16.0 MiB)
00:00:00.353082 
00:00:00.353082 [/Devices/vga/0/LUN#0/] (level 4)
00:00:00.353083   Driver <string>  = "MainDisplay" (cb=12)
00:00:00.353083 
00:00:00.353084 [/Devices/vga/0/LUN#0/Config/] (level 5)
00:00:00.353084 
00:00:00.353085 [/Devices/vga/0/LUN#999/] (level 4)
00:00:00.353085   Driver <string>  = "MainStatus" (cb=11)
00:00:00.353086 
00:00:00.353086 [/Devices/vga/0/LUN#999/Config/] (level 5)
00:00:00.353087   First                <integer> = 0x0000000000000000 (0)
00:00:00.353088   HasMediumAttachments <integer> = 0x0000000000000000 (0)
00:00:00.353088   Last                 <integer> = 0x0000000000000000 (0)
00:00:00.353089   iLedSet              <integer> = 0x0000000000000000 (0)
00:00:00.353089 
00:00:00.353090 [/Devices/virtio-net/] (level 2)
00:00:00.353090 
00:00:00.353091 [/EM/] (level 1)
00:00:00.353091   TripleFaultReset <integer> = 0x0000000000000000 (0)
00:00:00.353092 
00:00:00.353092 [/GCM/] (level 1)
00:00:00.353093 
00:00:00.353093 [/GIM/] (level 1)
00:00:00.353093   Provider <string>  = "KVM" (cb=4)
00:00:00.353094 
00:00:00.353094 [/HM/] (level 1)
00:00:00.353095   64bitEnabled        <integer> = 0x0000000000000001 (1)
00:00:00.353096   EnableLargePages    <integer> = 0x0000000000000000 (0)
00:00:00.353096   EnableNestedPaging  <integer> = 0x0000000000000001 (1)
00:00:00.353097   EnableUX            <integer> = 0x0000000000000001 (1)
00:00:00.353098   EnableVPID          <integer> = 0x0000000000000001 (1)
00:00:00.353098   Exclusive           <integer> = 0x0000000000000001 (1)
00:00:00.353099   HMForced            <integer> = 0x0000000000000001 (1)
00:00:00.353099   IBPBOnVMEntry       <integer> = 0x0000000000000000 (0)
00:00:00.353100   IBPBOnVMExit        <integer> = 0x0000000000000000 (0)
00:00:00.353101   L1DFlushOnSched     <integer> = 0x0000000000000001 (1)
00:00:00.353101   L1DFlushOnVMEntry   <integer> = 0x0000000000000000 (0)
00:00:00.353102   MDSClearOnSched     <integer> = 0x0000000000000001 (1)
00:00:00.353102   MDSClearOnVMEntry   <integer> = 0x0000000000000000 (0)
00:00:00.353103   SpecCtrlByHost      <integer> = 0x0000000000000000 (0)
00:00:00.353103   SvmVirtVmsaveVmload <integer> = 0x0000000000000000 (0)
00:00:00.353104   UseNEMInstead       <integer> = 0x0000000000000000 (0)
00:00:00.353104 
00:00:00.353104 [/MM/] (level 1)
00:00:00.353105   CanUseLargerHeap <integer> = 0x0000000000000000 (0)
00:00:00.353105 
00:00:00.353106 [/NEM/] (level 1)
00:00:00.353106   Allow64BitGuests  <integer> = 0x0000000000000001 (1)
00:00:00.353107   IBPBOnVMEntry     <integer> = 0x0000000000000000 (0)
00:00:00.353107   IBPBOnVMExit      <integer> = 0x0000000000000000 (0)
00:00:00.353108   L1DFlushOnSched   <integer> = 0x0000000000000001 (1)
00:00:00.353108   L1DFlushOnVMEntry <integer> = 0x0000000000000000 (0)
00:00:00.353109   MDSClearOnSched   <integer> = 0x0000000000000001 (1)
00:00:00.353109   MDSClearOnVMEntry <integer> = 0x0000000000000000 (0)
00:00:00.353110 
00:00:00.353110 [/PDM/] (level 1)
00:00:00.353110 
00:00:00.353111 [/PDM/AsyncCompletion/] (level 2)
00:00:00.353111 
00:00:00.353111 [/PDM/AsyncCompletion/File/] (level 3)
00:00:00.353112 
00:00:00.353112 [/PDM/AsyncCompletion/File/BwGroups/] (level 4)
00:00:00.353113 
00:00:00.353114 [/PDM/BlkCache/] (level 2)
00:00:00.353114   CacheSize <integer> = 0x0000000000500000 (5 242 880, 5.0 MiB)
00:00:00.353115 
00:00:00.353116 [/PDM/Devices/] (level 2)
00:00:00.353116 
00:00:00.353116 [/PDM/Drivers/] (level 2)
00:00:00.353117 
00:00:00.353117 [/PDM/Drivers/VBoxC/] (level 3)
00:00:00.353118   Path <string>  = "/home/nasm/bin/components/VBoxC" (cb=32)
00:00:00.353119 
00:00:00.353119 [/PDM/NetworkShaper/] (level 2)
00:00:00.353119 
00:00:00.353120 [/PDM/NetworkShaper/BwGroups/] (level 3)
00:00:00.353121 
00:00:00.353121 [/TM/] (level 1)
00:00:00.353121   UTCOffset <integer> = 0x0000000000000000 (0)
00:00:00.353122 
00:00:00.353122 ********************* End of CFGM dump **********************
00:00:00.354288 HM: HMR3Init: VT-x w/ nested paging and unrestricted guest execution hw support
00:00:00.356845 CPUM: fXStateHostMask=0xe7; initial: 0xe7; host XCR0=0x2ff
00:00:00.361598 CPUM: Matched host CPU INTEL 0x6/0x55/0x4 Intel_Core7_Skylake with CPU DB entry 'Intel Core i7-6700K' (INTEL 0x6/0x5e/0x3 Intel_Core7_Skylake)
00:00:00.362486 CPUM: MXCSR_MASK=0xffff (host: 0xffff)
00:00:00.362508 CPUM: Microcode revision 0x02007006
00:00:00.362514 CPUM: Changing leaf 13[0]: EBX=0xa88 -> 0x340, ECX=0xa88 -> 0x340
00:00:00.362523 CPUM: MSR/CPUID reconciliation insert: 0x0000010b IA32_FLUSH_CMD
00:00:00.362527 CPUM: MSR/CPUID reconciliation insert: 0x0000010a IA32_ARCH_CAPABILITIES
00:00:00.362531 CPUM: MSR fudge: 0x00000122 IA32_TSX_CTRL
00:00:00.362533 CPUM: MSR fudge: 0x00000123 IA32_MCU_OPT_CTRL
00:00:00.362552 CPUM: SetGuestCpuIdFeature: Enabled SYSENTER/EXIT
00:00:00.362554 CPUM: SetGuestCpuIdFeature: Enabled SYSCALL/RET
00:00:00.362555 CPUM: SetGuestCpuIdFeature: Enabled PAE
00:00:00.362557 CPUM: SetGuestCpuIdFeature: Enabled LAHF/SAHF
00:00:00.362558 CPUM: SetGuestCpuIdFeature: Enabled NX
00:00:00.362560 CPUM: SetGuestCpuIdFeature: Enabled LONG MODE
00:00:00.362562 CPUM: Enabled MTRR read-write support
00:00:00.362564 CPUM: Enabled fixed-range MTRRs and 16 (virtualized) variable-range MTRRs
00:00:00.366132 PGM: Host paging mode: AMD64+PGE+NX
00:00:00.366144 PGM: PGMPool: cMaxPages=4096 (u64MaxPages=4075)
00:00:00.366147 PGM: pgmR3PoolInit: cMaxPages=0x1000 cMaxUsers=0x2000 cMaxPhysExts=0x2000 fCacheEnable=true
00:00:00.367595 PGM: /proc/sys/vm/max_map_count = 1048576 (rc2=VWRN_TRAILING_CHARS); cGuessNeeded=16384
00:00:00.389019 TM: GIP - u32Mode=1 (Synchronous) u32UpdateHz=100 u32UpdateIntervalNS=10000000 enmUseTscDelta=0 (Not Applicable) fGetGipCpu=0x1b cCpus=80
00:00:00.389040 TM: GIP - u64CpuHz=1 995 312 103 (0x76ee0be7)  SUPGetCpuHzFromGip => 1 994 232 400
00:00:00.389045 TM: GIP - CPU: iCpuSet=0x0 idCpu=0x0 idApic=0x0 iGipCpu=0x14 i64TSCDelta=0 enmState=3 u64CpuHz=1995312103(*) cErrors=0
00:00:00.389048 TM: GIP - CPU: iCpuSet=0x1 idCpu=0x1 idApic=0x1 iGipCpu=0xc i64TSCDelta=0 enmState=3 u64CpuHz=1995312103(*) cErrors=0
00:00:00.389051 TM: GIP - CPU: iCpuSet=0x2 idCpu=0x2 idApic=0x2 iGipCpu=0x1 i64TSCDelta=0 enmState=3 u64CpuHz=1995312103(*) cErrors=0
00:00:00.389053 TM: GIP - CPU: iCpuSet=0x3 idCpu=0x3 idApic=0x3 iGipCpu=0x1b i64TSCDelta=0 enmState=3 u64CpuHz=1995312103(*) cErrors=0
00:00:00.389056 TM: GIP - CPU: iCpuSet=0x4 idCpu=0x4 idApic=0x4 iGipCpu=0x25 i64TSCDelta=0 enmState=3 u64CpuHz=1995312103(*) cErrors=0
00:00:00.389058 TM: GIP - CPU: iCpuSet=0x5 idCpu=0x5 idApic=0x5 iGipCpu=0xd i64TSCDelta=0 enmState=3 u64CpuHz=1995312103(*) cErrors=0
00:00:00.389060 TM: GIP - CPU: iCpuSet=0x6 idCpu=0x6 idApic=0x6 iGipCpu=0x26 i64TSCDelta=0 enmState=3 u64CpuHz=1995312103(*) cErrors=0
00:00:00.389063 TM: GIP - CPU: iCpuSet=0x7 idCpu=0x7 idApic=0x7 iGipCpu=0x2 i64TSCDelta=0 enmState=3 u64CpuHz=1995312103(*) cErrors=0
00:00:00.389065 TM: GIP - CPU: iCpuSet=0x8 idCpu=0x8 idApic=0x8 iGipCpu=0x15 i64TSCDelta=0 enmState=3 u64CpuHz=1995312103(*) cErrors=0
00:00:00.389067 TM: GIP - CPU: iCpuSet=0x9 idCpu=0x9 idApic=0x9 iGipCpu=0x10 i64TSCDelta=0 enmState=3 u64CpuHz=1995312103(*) cErrors=0
00:00:00.389069 TM: GIP - CPU: iCpuSet=0xa idCpu=0xa idApic=0xa iGipCpu=0x0 i64TSCDelta=0 enmState=3 u64CpuHz=1994232400(*) cErrors=0
00:00:00.389071 TM: GIP - CPU: iCpuSet=0xb idCpu=0xb idApic=0xb iGipCpu=0x18 i64TSCDelta=0 enmState=3 u64CpuHz=1995312103(*) cErrors=0
00:00:00.389074 TM: GIP - CPU: iCpuSet=0xc idCpu=0xc idApic=0xc iGipCpu=0x1a i64TSCDelta=0 enmState=3 u64CpuHz=1995312103(*) cErrors=0
00:00:00.389076 TM: GIP - CPU: iCpuSet=0xd idCpu=0xd idApic=0xd iGipCpu=0x13 i64TSCDelta=0 enmState=3 u64CpuHz=1995312103(*) cErrors=0
00:00:00.389078 TM: GIP - CPU: iCpuSet=0xe idCpu=0xe idApic=0xe iGipCpu=0x17 i64TSCDelta=0 enmState=3 u64CpuHz=1995312103(*) cErrors=0
00:00:00.389080 TM: GIP - CPU: iCpuSet=0xf idCpu=0xf idApic=0xf iGipCpu=0x4 i64TSCDelta=0 enmState=3 u64CpuHz=1995312103(*) cErrors=0
00:00:00.389082 TM: GIP - CPU: iCpuSet=0x10 idCpu=0x10 idApic=0x10 iGipCpu=0x3 i64TSCDelta=0 enmState=3 u64CpuHz=1995312103(*) cErrors=0
00:00:00.389085 TM: GIP - CPU: iCpuSet=0x11 idCpu=0x11 idApic=0x11 iGipCpu=0x23 i64TSCDelta=0 enmState=3 u64CpuHz=1995312103(*) cErrors=0
00:00:00.389087 TM: GIP - CPU: iCpuSet=0x12 idCpu=0x12 idApic=0x12 iGipCpu=0x28 i64TSCDelta=0 enmState=3 u64CpuHz=1995312103(*) cErrors=0
00:00:00.389089 TM: GIP - CPU: iCpuSet=0x13 idCpu=0x13 idApic=0x13 iGipCpu=0x21 i64TSCDelta=0 enmState=3 u64CpuHz=1995312103(*) cErrors=0
00:00:00.389091 TM: GIP - CPU: iCpuSet=0x14 idCpu=0x14 idApic=0x14 iGipCpu=0x5 i64TSCDelta=0 enmState=3 u64CpuHz=1995312103(*) cErrors=0
00:00:00.389093 TM: GIP - CPU: iCpuSet=0x15 idCpu=0x15 idApic=0x15 iGipCpu=0x11 i64TSCDelta=0 enmState=3 u64CpuHz=1995312103(*) cErrors=0
00:00:00.389106 TM: GIP - CPU: iCpuSet=0x16 idCpu=0x16 idApic=0x16 iGipCpu=0x2b i64TSCDelta=0 enmState=3 u64CpuHz=1995312103(*) cErrors=0
00:00:00.389108 TM: GIP - CPU: iCpuSet=0x17 idCpu=0x17 idApic=0x17 iGipCpu=0x1d i64TSCDelta=0 enmState=3 u64CpuHz=1995312103(*) cErrors=0
00:00:00.389110 TM: GIP - CPU: iCpuSet=0x18 idCpu=0x18 idApic=0x18 iGipCpu=0x19 i64TSCDelta=0 enmState=3 u64CpuHz=1995312103(*) cErrors=0
00:00:00.389112 TM: GIP - CPU: iCpuSet=0x19 idCpu=0x19 idApic=0x19 iGipCpu=0x3a i64TSCDelta=0 enmState=3 u64CpuHz=1995312103(*) cErrors=0
00:00:00.389115 TM: GIP - CPU: iCpuSet=0x1a idCpu=0x1a idApic=0x1a iGipCpu=0x35 i64TSCDelta=0 enmState=3 u64CpuHz=1995312103(*) cErrors=0
00:00:00.389117 TM: GIP - CPU: iCpuSet=0x1b idCpu=0x1b idApic=0x1b iGipCpu=0x22 i64TSCDelta=0 enmState=3 u64CpuHz=1995312103(*) cErrors=0
00:00:00.389119 TM: GIP - CPU: iCpuSet=0x1c idCpu=0x1c idApic=0x1c iGipCpu=0x2a i64TSCDelta=0 enmState=3 u64CpuHz=1995312103(*) cErrors=0
00:00:00.389121 TM: GIP - CPU: iCpuSet=0x1d idCpu=0x1d idApic=0x1d iGipCpu=0x2c i64TSCDelta=0 enmState=3 u64CpuHz=1995312103(*) cErrors=0
00:00:00.389123 TM: GIP - CPU: iCpuSet=0x1e idCpu=0x1e idApic=0x1e iGipCpu=0x27 i64TSCDelta=0 enmState=3 u64CpuHz=1995312103(*) cErrors=0
00:00:00.389125 TM: GIP - CPU: iCpuSet=0x1f idCpu=0x1f idApic=0x1f iGipCpu=0x30 i64TSCDelta=0 enmState=3 u64CpuHz=1995312103(*) cErrors=0
00:00:00.389128 TM: GIP - CPU: iCpuSet=0x20 idCpu=0x20 idApic=0x20 iGipCpu=0x41 i64TSCDelta=0 enmState=3 u64CpuHz=1995312103(*) cErrors=0
00:00:00.389130 TM: GIP - CPU: iCpuSet=0x21 idCpu=0x21 idApic=0x21 iGipCpu=0x31 i64TSCDelta=0 enmState=3 u64CpuHz=1995312103(*) cErrors=0
00:00:00.389132 TM: GIP - CPU: iCpuSet=0x22 idCpu=0x22 idApic=0x22 iGipCpu=0x7 i64TSCDelta=0 enmState=3 u64CpuHz=1995312103(*) cErrors=0
00:00:00.389134 TM: GIP - CPU: iCpuSet=0x23 idCpu=0x23 idApic=0x23 iGipCpu=0x20 i64TSCDelta=0 enmState=3 u64CpuHz=1995312103(*) cErrors=0
00:00:00.389136 TM: GIP - CPU: iCpuSet=0x24 idCpu=0x24 idApic=0x24 iGipCpu=0x3e i64TSCDelta=0 enmState=3 u64CpuHz=1995312103(*) cErrors=0
00:00:00.389138 TM: GIP - CPU: iCpuSet=0x25 idCpu=0x25 idApic=0x25 iGipCpu=0x40 i64TSCDelta=0 enmState=3 u64CpuHz=1995312103(*) cErrors=0
00:00:00.389140 TM: GIP - CPU: iCpuSet=0x26 idCpu=0x26 idApic=0x26 iGipCpu=0x2e i64TSCDelta=0 enmState=3 u64CpuHz=1995312103(*) cErrors=0
00:00:00.389143 TM: GIP - CPU: iCpuSet=0x27 idCpu=0x27 idApic=0x27 iGipCpu=0x1c i64TSCDelta=0 enmState=3 u64CpuHz=1995312103(*) cErrors=0
00:00:00.389145 TM: GIP - CPU: iCpuSet=0x28 idCpu=0x28 idApic=0x28 iGipCpu=0xb i64TSCDelta=0 enmState=3 u64CpuHz=1995312103(*) cErrors=0
00:00:00.389147 TM: GIP - CPU: iCpuSet=0x29 idCpu=0x29 idApic=0x29 iGipCpu=0x2f i64TSCDelta=0 enmState=3 u64CpuHz=1995312103(*) cErrors=0
00:00:00.389149 TM: GIP - CPU: iCpuSet=0x2a idCpu=0x2a idApic=0x2a iGipCpu=0x3b i64TSCDelta=0 enmState=3 u64CpuHz=1995312103(*) cErrors=0
00:00:00.389151 TM: GIP - CPU: iCpuSet=0x2b idCpu=0x2b idApic=0x2b iGipCpu=0x45 i64TSCDelta=0 enmState=3 u64CpuHz=1995312103(*) cErrors=0
00:00:00.389154 TM: GIP - CPU: iCpuSet=0x2c idCpu=0x2c idApic=0x2c iGipCpu=0x29 i64TSCDelta=0 enmState=3 u64CpuHz=1995312103(*) cErrors=0
00:00:00.389156 TM: GIP - CPU: iCpuSet=0x2d idCpu=0x2d idApic=0x2d iGipCpu=0x12 i64TSCDelta=0 enmState=3 u64CpuHz=1995312103(*) cErrors=0
00:00:00.389158 TM: GIP - CPU: iCpuSet=0x2e idCpu=0x2e idApic=0x2e iGipCpu=0x3f i64TSCDelta=0 enmState=3 u64CpuHz=1995312103(*) cErrors=0
00:00:00.389160 TM: GIP - CPU: iCpuSet=0x2f idCpu=0x2f idApic=0x2f iGipCpu=0x2d i64TSCDelta=0 enmState=3 u64CpuHz=1995312103(*) cErrors=0
00:00:00.389162 TM: GIP - CPU: iCpuSet=0x30 idCpu=0x30 idApic=0x30 iGipCpu=0x6 i64TSCDelta=0 enmState=3 u64CpuHz=1995312103(*) cErrors=0
00:00:00.389164 TM: GIP - CPU: iCpuSet=0x31 idCpu=0x31 idApic=0x31 iGipCpu=0x47 i64TSCDelta=0 enmState=3 u64CpuHz=1995312103(*) cErrors=0
00:00:00.389166 TM: GIP - CPU: iCpuSet=0x32 idCpu=0x32 idApic=0x32 iGipCpu=0x16 i64TSCDelta=0 enmState=3 u64CpuHz=1995312103(*) cErrors=0
00:00:00.389168 TM: GIP - CPU: iCpuSet=0x33 idCpu=0x33 idApic=0x33 iGipCpu=0x9 i64TSCDelta=0 enmState=3 u64CpuHz=1995312103(*) cErrors=0
00:00:00.389173 TM: GIP - CPU: iCpuSet=0x34 idCpu=0x34 idApic=0x34 iGipCpu=0x8 i64TSCDelta=0 enmState=3 u64CpuHz=1995312103(*) cErrors=0
00:00:00.389175 TM: GIP - CPU: iCpuSet=0x35 idCpu=0x35 idApic=0x35 iGipCpu=0x34 i64TSCDelta=0 enmState=3 u64CpuHz=1995312103(*) cErrors=0
00:00:00.389178 TM: GIP - CPU: iCpuSet=0x36 idCpu=0x36 idApic=0x36 iGipCpu=0x4d i64TSCDelta=0 enmState=3 u64CpuHz=1995312103(*) cErrors=0
00:00:00.389180 TM: GIP - CPU: iCpuSet=0x37 idCpu=0x37 idApic=0x37 iGipCpu=0xe i64TSCDelta=0 enmState=3 u64CpuHz=1995312103(*) cErrors=0
00:00:00.389182 TM: GIP - CPU: iCpuSet=0x38 idCpu=0x38 idApic=0x38 iGipCpu=0x1e i64TSCDelta=0 enmState=3 u64CpuHz=1995312103(*) cErrors=0
00:00:00.389184 TM: GIP - CPU: iCpuSet=0x39 idCpu=0x39 idApic=0x39 iGipCpu=0x24 i64TSCDelta=0 enmState=3 u64CpuHz=1995312103(*) cErrors=0
00:00:00.389186 TM: GIP - CPU: iCpuSet=0x3a idCpu=0x3a idApic=0x3a iGipCpu=0x32 i64TSCDelta=0 enmState=3 u64CpuHz=1995312103(*) cErrors=0
00:00:00.389188 TM: GIP - CPU: iCpuSet=0x3b idCpu=0x3b idApic=0x3b iGipCpu=0x38 i64TSCDelta=0 enmState=3 u64CpuHz=1995312103(*) cErrors=0
00:00:00.389191 TM: GIP - CPU: iCpuSet=0x3c idCpu=0x3c idApic=0x3c iGipCpu=0xa i64TSCDelta=0 enmState=3 u64CpuHz=1995312103(*) cErrors=0
00:00:00.389193 TM: GIP - CPU: iCpuSet=0x3d idCpu=0x3d idApic=0x3d iGipCpu=0xf i64TSCDelta=0 enmState=3 u64CpuHz=1995312103(*) cErrors=0
00:00:00.389195 TM: GIP - CPU: iCpuSet=0x3e idCpu=0x3e idApic=0x3e iGipCpu=0x1f i64TSCDelta=0 enmState=3 u64CpuHz=1995312103(*) cErrors=0
00:00:00.389197 TM: GIP - CPU: iCpuSet=0x3f idCpu=0x3f idApic=0x3f iGipCpu=0x44 i64TSCDelta=0 enmState=3 u64CpuHz=1995312103(*) cErrors=0
00:00:00.389199 TM: GIP - CPU: iCpuSet=0x40 idCpu=0x40 idApic=0x40 iGipCpu=0x4e i64TSCDelta=0 enmState=3 u64CpuHz=1995312103(*) cErrors=0
00:00:00.389201 TM: GIP - CPU: iCpuSet=0x41 idCpu=0x41 idApic=0x41 iGipCpu=0x42 i64TSCDelta=0 enmState=3 u64CpuHz=1995312103(*) cErrors=0
00:00:00.389204 TM: GIP - CPU: iCpuSet=0x42 idCpu=0x42 idApic=0x42 iGipCpu=0x3d i64TSCDelta=0 enmState=3 u64CpuHz=1995312103(*) cErrors=0
00:00:00.389206 TM: GIP - CPU: iCpuSet=0x43 idCpu=0x43 idApic=0x43 iGipCpu=0x46 i64TSCDelta=0 enmState=3 u64CpuHz=1995312103(*) cErrors=0
00:00:00.389220 TM: GIP - CPU: iCpuSet=0x44 idCpu=0x44 idApic=0x44 iGipCpu=0x33 i64TSCDelta=0 enmState=3 u64CpuHz=1995312103(*) cErrors=0
00:00:00.389222 TM: GIP - CPU: iCpuSet=0x45 idCpu=0x45 idApic=0x45 iGipCpu=0x36 i64TSCDelta=0 enmState=3 u64CpuHz=1995312103(*) cErrors=0
00:00:00.389224 TM: GIP - CPU: iCpuSet=0x46 idCpu=0x46 idApic=0x46 iGipCpu=0x37 i64TSCDelta=0 enmState=3 u64CpuHz=1995312103(*) cErrors=0
00:00:00.389226 TM: GIP - CPU: iCpuSet=0x47 idCpu=0x47 idApic=0x47 iGipCpu=0x3c i64TSCDelta=0 enmState=3 u64CpuHz=1995312103(*) cErrors=0
00:00:00.389229 TM: GIP - CPU: iCpuSet=0x48 idCpu=0x48 idApic=0x48 iGipCpu=0x4c i64TSCDelta=0 enmState=3 u64CpuHz=1995312103(*) cErrors=0
00:00:00.389231 TM: GIP - CPU: iCpuSet=0x49 idCpu=0x49 idApic=0x49 iGipCpu=0x43 i64TSCDelta=0 enmState=3 u64CpuHz=1995312103(*) cErrors=0
00:00:00.389245 TM: GIP - CPU: iCpuSet=0x4a idCpu=0x4a idApic=0x4a iGipCpu=0x4b i64TSCDelta=0 enmState=3 u64CpuHz=1995312103(*) cErrors=0
00:00:00.389248 TM: GIP - CPU: iCpuSet=0x4b idCpu=0x4b idApic=0x4b iGipCpu=0x48 i64TSCDelta=0 enmState=3 u64CpuHz=1995312103(*) cErrors=0
00:00:00.389251 TM: GIP - CPU: iCpuSet=0x4c idCpu=0x4c idApic=0x4c iGipCpu=0x49 i64TSCDelta=0 enmState=3 u64CpuHz=1995312103(*) cErrors=0
00:00:00.389253 TM: GIP - CPU: iCpuSet=0x4d idCpu=0x4d idApic=0x4d iGipCpu=0x4f i64TSCDelta=0 enmState=3 u64CpuHz=1995312103(*) cErrors=0
00:00:00.389255 TM: GIP - CPU: iCpuSet=0x4e idCpu=0x4e idApic=0x4e iGipCpu=0x39 i64TSCDelta=0 enmState=3 u64CpuHz=1995312103(*) cErrors=0
00:00:00.389257 TM: GIP - CPU: iCpuSet=0x4f idCpu=0x4f idApic=0x4f iGipCpu=0x4a i64TSCDelta=0 enmState=3 u64CpuHz=1995312103(*) cErrors=0
00:00:00.389271 TM:     cTSCTicksPerSecond=1 995 312 103 (0x76ee0be7) enmTSCMode=1 (VirtTSCEmulated) TSCMultiplier=1
00:00:00.389272 TM: cTSCTicksPerSecondHost=1 995 312 103 (0x76ee0be7)
00:00:00.389273 TM: TSCTiedToExecution=false TSCNotTiedToHalt=false
00:00:00.390366 EMR3Init: fIemExecutesAll=false fGuruOnTripleFault=true
00:00:00.390507 IEM: TargetCpu=CURRENT, Microarch=Intel_Core7_Skylake aidxTargetCpuEflFlavour={1,0}
00:00:00.392225 GIM: Using provider 'KVM' (Implementation version: 0)
00:00:00.392252 CPUM: SetGuestCpuIdFeature: Enabled Hypervisor Present bit
00:00:00.392313 GCM: Initialized - Fixer bits: 0x0
00:00:00.407442 AIOMgr: Default manager type is 'Async'
00:00:00.407472 AIOMgr: Default file backend is 'NonBuffered'
00:00:00.407620 BlkCache: Cache successfully initialized. Cache size is 5242880 bytes
00:00:00.407628 BlkCache: Cache commit interval is 10000 ms
00:00:00.407634 BlkCache: Cache commit threshold is 2621440 bytes
00:00:00.426014 PcBios: [SMP] BIOS with 2 CPUs
00:00:00.427310 PcBios: Using the 386+ BIOS image.
00:00:00.430602 PcBios: MPS table at 000e1300
00:00:00.433925 PcBios: fCheckShutdownStatusForSoftReset=true  fClearShutdownStatusOnHardReset=true
00:00:00.444009 SUP: seg #0: R   0x00000000 LB 0x0000a000
00:00:00.444037 SUP: seg #1: R X 0x0000a000 LB 0x0002c000
00:00:00.444046 SUP: seg #2: R   0x00036000 LB 0x0000e000
00:00:00.444053 SUP: seg #3: RW  0x00044000 LB 0x00008500
00:00:00.444444 SUP: Loaded VBoxDDR0.r0 (/home/nasm/bin/VBoxDDR0.r0) at 0xXXXXXXXXXXXXXXXX - ModuleInit at XXXXXXXXXXXXXXXX and ModuleTerm at XXXXXXXXXXXXXXXX
00:00:00.446437 CPUM: SetGuestCpuIdFeature: Enabled xAPIC
00:00:00.446459 CPUM: SetGuestCpuIdFeature: Enabled x2APIC
00:00:00.449750 IOAPIC: Version=2.0 ChipType=ICH9
00:00:00.449933 PIT: mode=3 count=0x10000 (65536) - 18.20 Hz (ch=0)
00:00:00.451069 VMMDev: cbDefaultBudget: 1 073 741 824 (40000000)
00:00:00.461638 Shared Folders service loaded
00:00:00.467321 Guest Control service loaded
00:00:00.489859 VGA: Using the 386+ BIOS image.
00:00:00.498429 DrvVD: Flushes will be ignored
00:00:00.498451 DrvVD: Async flushes will be passed to the disk
00:00:00.498682 VD: VDInit finished with VINF_SUCCESS
00:00:00.498725 VD: Opening the disk took 263177 ns
00:00:00.498767 PIIX3 ATA: LUN#0: CD/DVD, total number of sectors 21381, passthrough disabled
00:00:00.507036 PIIX3 ATA: LUN#1: no unit
00:00:00.507516 PIIX3 ATA: LUN#2: no unit
00:00:00.507527 PIIX3 ATA: LUN#3: no unit
00:00:00.507801 PIIX3 ATA: Ctl#1: finished processing RESET
00:00:00.507830 PIIX3 ATA: Ctl#0: finished processing RESET
00:00:00.510407 E1000#0: Chip=82540EM LinkUpDelay=5000ms EthernetCRC=on GSO=enabled Itr=disabled ItrRx=enabled TID=disabled R0=enabled RC=disabled
00:00:00.512352 NAT: These CFGM parameters are currently not supported when using NAT:
00:00:00.512354           DNSProxy
00:00:00.512355           UseHostResolver
00:00:00.512356           AliasMode
00:00:00.512358           SockRcv
00:00:00.512359           SockSnd
00:00:00.512360           TcpRcv
00:00:00.512361           TcpSnd
00:00:00.512362           ICMPCacheLimit
00:00:00.512363           HostResolverMappings
00:00:00.516459 AC97: Using codec 'STAC9700'
00:00:00.518270 Audio: Initializing ALSA driver
00:00:00.540803 Audio: Found 0 devices for driver 'ALSA'
00:00:00.541072 AC97: Reset
00:00:00.541080 AC97: Mixer reset (EAID=0x809, EACS=0x9)
00:00:00.541087 AC97: Record select to left=mic, right=mic
00:00:00.541093 Audio Mixer: MUTING master volume of 'AC'97 Mixer' -- channel volumes: ff ff ff ff ff ff ff ff ff ff ff ff
00:00:00.541105 Audio Mixer: MUTING sink 'AC'97 Mixer/Line In' -- channel volumes: 00 00 00 00 00 00 00 00 00 00 00 00
00:00:00.541114 Audio Mixer: MUTING sink 'AC'97 Mixer/Microphone In' -- channel volumes: 00 00 00 00 00 00 00 00 00 00 00 00
00:00:00.541122 Audio Mixer: MUTING sink 'AC'97 Mixer/PCM Output' -- channel volumes: 00 00 00 00 00 00 00 00 00 00 00 00
00:00:00.541130 Audio Mixer: MUTING sink 'AC'97 Mixer/PCM Output' -- channel volumes: 00 00 00 00 00 00 00 00 00 00 00 00
00:00:00.541138 Audio Mixer: MUTING sink 'AC'97 Mixer/Line In' -- channel volumes: 00 00 00 00 00 00 00 00 00 00 00 00
00:00:00.541146 Audio Mixer: MUTING sink 'AC'97 Mixer/Line In' -- channel volumes: 00 00 00 00 00 00 00 00 00 00 00 00
00:00:00.541169 Audio Mixer: MUTING sink 'AC'97 Mixer/Microphone In' -- channel volumes: 00 00 00 00 00 00 00 00 00 00 00 00
00:00:00.542717 PGM: The CPU physical address width is 46 bits
00:00:00.542740 PGM: PGMR3InitFinalize: 4 MB PSE mask 00003fffffffffff -> VINF_SUCCESS
00:00:00.542774 TM: TMR3InitFinalize: fTSCModeSwitchAllowed=true
00:00:00.544666 CPUM: Mapped 1.0MiB (1048576 bytes) of RAM using fixed-range MTRRs
00:00:00.544692 CPUM: Mapped 7.8GiB (8464105472 bytes) of RAM using 6 variable-range MTRRs
00:00:00.544976 CPUM: Host IA32_ARCH_CAPABILITIES  = 0x400004c
00:00:00.545345 VMM: Enabled thread-context hooks
00:00:00.545351 VMM: RTThreadPreemptIsPending() can be trusted
00:00:00.545355 VMM: Kernel preemption is possible
00:00:00.547907 HM: fWorldSwitcher=0x20000 (fIbpbOnVmExit=false fIbpbOnVmEntry=false fL1dFlushOnVmEntry=false); fL1dFlushOnSched=false fMdsClearOnVmEntry=false
00:00:00.547934 HM: Using VT-x implementation 3.0
00:00:00.547935 HM: Max resume loops                  = 8192
00:00:00.547937 HM: Host CR0                          = 0x80050033
00:00:00.547940 HM: Host CR4                          = 0x770ef0
00:00:00.547942 HM: Host EFER                         = 0xd01
00:00:00.547944 HM: Host SMM_MONITOR_CTL              = 0x0
00:00:00.547946 HM: Host CORE_CAPABILITIES            = 0x0
00:00:00.547948 HM: Host MEMORY_CTRL                  = 0x0
00:00:00.547951 HM: Host DR6 zero'ed                  = 0xfffe0ff0 - always intercept MOV DRx
00:00:00.547955 HM: MSR_IA32_FEATURE_CONTROL          = 0x100005
00:00:00.547957 HM:   LOCK
00:00:00.547958 HM:   VMXON
00:00:00.547959 HM:   LMCE
00:00:00.547960 HM: MSR_IA32_VMX_BASIC                = 0xd8100011e57ed0
00:00:00.547963 HM:   VMCS id                           = 0x11e57ed0
00:00:00.547965 HM:   VMCS size                         = 4096 bytes
00:00:00.547967 HM:   VMCS physical address limit       = None
00:00:00.547969 HM:   VMCS memory type                  = Write Back (WB)
00:00:00.547970 HM:   Dual-monitor treatment support    = false
00:00:00.547972 HM:   OUTS & INS instruction-info       = true
00:00:00.547974 HM:   Supports true-capability MSRs     = true
00:00:00.547976 HM:   VM-entry Xcpt error-code optional = false
00:00:00.547978 HM: MSR_IA32_VMX_PINBASED_CTLS        = 0xff00000016
00:00:00.547980 HM:   EXT_INT_EXIT
00:00:00.547982 HM:   NMI_EXIT
00:00:00.547983 HM:   VIRTUAL_NMI
00:00:00.547984 HM:   PREEMPT_TIMER
00:00:00.547985 HM:   POSTED_INT
00:00:00.547986 HM: MSR_IA32_VMX_PROCBASED_CTLS       = 0xfff9fffe0401e172
00:00:00.547989 HM:   INT_WINDOW_EXIT
00:00:00.547990 HM:   USE_TSC_OFFSETTING
00:00:00.547992 HM:   HLT_EXIT
00:00:00.547993 HM:   INVLPG_EXIT
00:00:00.547994 HM:   MWAIT_EXIT
00:00:00.547995 HM:   RDPMC_EXIT
00:00:00.547997 HM:   RDTSC_EXIT
00:00:00.547998 HM:   CR3_LOAD_EXIT (must be set)
00:00:00.547999 HM:   CR3_STORE_EXIT (must be set)
00:00:00.548000 HM:   USE_TERTIARY_CTLS (must be cleared)
00:00:00.548001 HM:   CR8_LOAD_EXIT
00:00:00.548003 HM:   CR8_STORE_EXIT
00:00:00.548004 HM:   USE_TPR_SHADOW
00:00:00.548005 HM:   NMI_WINDOW_EXIT
00:00:00.548006 HM:   MOV_DR_EXIT
00:00:00.548007 HM:   UNCOND_IO_EXIT
00:00:00.548008 HM:   USE_IO_BITMAPS
00:00:00.548009 HM:   MONITOR_TRAP_FLAG
00:00:00.548010 HM:   USE_MSR_BITMAPS
00:00:00.548011 HM:   MONITOR_EXIT
00:00:00.548012 HM:   PAUSE_EXIT
00:00:00.548013 HM:   USE_SECONDARY_CTLS
00:00:00.548015 HM: MSR_IA32_VMX_PROCBASED_CTLS2      = 0x2137bff00000000
00:00:00.548018 HM:   VIRT_APIC_ACCESS
00:00:00.548019 HM:   EPT
00:00:00.548020 HM:   DESC_TABLE_EXIT
00:00:00.548021 HM:   RDTSCP
00:00:00.548022 HM:   VIRT_X2APIC_MODE
00:00:00.548024 HM:   VPID
00:00:00.548025 HM:   WBINVD_EXIT
00:00:00.548026 HM:   UNRESTRICTED_GUEST
00:00:00.548027 HM:   APIC_REG_VIRT
00:00:00.548029 HM:   VIRT_INT_DELIVERY
00:00:00.548030 HM:   PAUSE_LOOP_EXIT (must be cleared)
00:00:00.548031 HM:   RDRAND_EXIT
00:00:00.548032 HM:   INVPCID
00:00:00.548034 HM:   VMFUNC
00:00:00.548035 HM:   VMCS_SHADOWING
00:00:00.548036 HM:   ENCLS_EXIT (must be cleared)
00:00:00.548037 HM:   RDSEED_EXIT
00:00:00.548038 HM:   PML
00:00:00.548040 HM:   EPT_XCPT_VE (must be cleared)
00:00:00.548041 HM:   CONCEAL_VMX_FROM_PT (must be cleared)
00:00:00.548042 HM:   XSAVES_XRSTORS
00:00:00.548043 HM:   PASID_TRANSLATE (must be cleared)
00:00:00.548044 HM:   MODE_BASED_EPT_PERM (must be cleared)
00:00:00.548045 HM:   SPP_EPT (must be cleared)
00:00:00.548046 HM:   PT_EPT (must be cleared)
00:00:00.548047 HM:   TSC_SCALING
00:00:00.548048 HM:   USER_WAIT_PAUSE (must be cleared)
00:00:00.548050 HM:   PCONFIG (must be cleared)
00:00:00.548051 HM:   ENCLV_EXIT (must be cleared)
00:00:00.548052 HM:   BUS_LOCK_DETECT (must be cleared)
00:00:00.548053 HM:   INSTR_TIMEOUT (must be cleared)
00:00:00.548054 HM: MSR_IA32_VMX_ENTRY_CTLS           = 0x1f3ff000011ff
00:00:00.548056 HM:   LOAD_DEBUG (must be set)
00:00:00.548058 HM:   IA32E_MODE_GUEST
00:00:00.548059 HM:   ENTRY_TO_SMM (must be cleared)
00:00:00.548060 HM:   DEACTIVATE_DUAL_MON (must be cleared)
00:00:00.548061 HM:   LOAD_PERF_MSR
00:00:00.548062 HM:   LOAD_PAT_MSR
00:00:00.548064 HM:   LOAD_EFER_MSR
00:00:00.548065 HM:   LOAD_BNDCFGS_MSR
00:00:00.548066 HM:   CONCEAL_VMX_FROM_PT (must be cleared)
00:00:00.548067 HM:   LOAD_RTIT_CTL_MSR (must be cleared)
00:00:00.548068 HM:   LOAD_UINV (must be cleared)
00:00:00.548069 HM:   LOAD_CET_STATE (must be cleared)
00:00:00.548070 HM:   LOAD_LBR_CTL_MSR (must be cleared)
00:00:00.548071 HM:   LOAD_PKRS_MSR (must be cleared)
00:00:00.548073 HM: MSR_IA32_VMX_EXIT_CTLS            = 0xffffff00036dff
00:00:00.548075 HM:   SAVE_DEBUG (must be set)
00:00:00.548077 HM:   HOST_ADDR_SPACE_SIZE
00:00:00.548078 HM:   LOAD_PERF_MSR
00:00:00.548079 HM:   ACK_EXT_INT
00:00:00.548080 HM:   SAVE_PAT_MSR
00:00:00.548081 HM:   LOAD_PAT_MSR
00:00:00.548082 HM:   SAVE_EFER_MSR
00:00:00.548083 HM:   LOAD_EFER_MSR
00:00:00.548084 HM:   SAVE_PREEMPT_TIMER
00:00:00.548085 HM:   CLEAR_BNDCFGS_MSR
00:00:00.548087 HM:   CONCEAL_VMX_FROM_PT (must be cleared)
00:00:00.548088 HM:   CLEAR_RTIT_CTL_MSR (must be cleared)
00:00:00.548089 HM:   CLEAR_LBR_CTL_MSR (must be cleared)
00:00:00.548091 HM:   CLEAR_UINV (must be cleared)
00:00:00.548092 HM:   LOAD_CET_STATE (must be cleared)
00:00:00.548093 HM:   LOAD_PKRS_MSR (must be cleared)
00:00:00.548094 HM:   SAVE_PERF_MSR (must be cleared)
00:00:00.548095 HM: MSR_IA32_VMX_TRUE_PINBASED_CTLS   = 0xff00000016
00:00:00.548097 HM: MSR_IA32_VMX_TRUE_PROCBASED_CTLS  = 0xfff9fffe04006172
00:00:00.548100 HM: MSR_IA32_VMX_TRUE_ENTRY_CTLS      = 0x1f3ff000011fb
00:00:00.548102 HM: MSR_IA32_VMX_TRUE_EXIT_CTLS       = 0xffffff00036dfb
00:00:00.548105 HM: MSR_IA32_VMX_MISC                 = 0x20000165
00:00:00.548107 HM:   PREEMPT_TIMER_TSC                 = 0x5
00:00:00.548109 HM:   EXIT_SAVE_EFER_LMA                = true
00:00:00.548111 HM:   ACTIVITY_STATES                   = 0x5 ( HLT SIPI_WAIT )
00:00:00.548113 HM:   INTEL_PT                          = false
00:00:00.548115 HM:   SMM_READ_SMBASE_MSR               = false
00:00:00.548117 HM:   CR3_TARGET                        = 0x0
00:00:00.548118 HM:   MAX_MSR                           = 0x0 ( 512 )
00:00:00.548120 HM:   VMXOFF_BLOCK_SMI                  = false
00:00:00.548122 HM:   VMWRITE_ALL                       = true
00:00:00.548124 HM:   ENTRY_INJECT_SOFT_INT             = 0x0
00:00:00.548126 HM:   MSEG_ID                           = 0x0
00:00:00.548127 HM: MSR_IA32_VMX_VMCS_ENUM            = 0x32
00:00:00.548129 HM:   HIGHEST_IDX                       = 0x19
00:00:00.548131 HM: MSR_IA32_VMX_EPT_VPID_CAP         = 0xf0106334041
00:00:00.548133 HM:   RWX_X_ONLY
00:00:00.548134 HM:   PAGE_WALK_LENGTH_4
00:00:00.548136 HM:   MEMTYPE_WB
00:00:00.548137 HM:   PDE_2M
00:00:00.548138 HM:   PDPTE_1G
00:00:00.548139 HM:   INVEPT
00:00:00.548140 HM:   ACCESS_DIRTY
00:00:00.548141 HM:   INVEPT_SINGLE_CONTEXT
00:00:00.548142 HM:   INVEPT_ALL_CONTEXTS
00:00:00.548144 HM:   INVVPID
00:00:00.548145 HM:   INVVPID_INDIV_ADDR
00:00:00.548146 HM:   INVVPID_SINGLE_CONTEXT
00:00:00.548147 HM:   INVVPID_ALL_CONTEXTS
00:00:00.548148 HM:   INVVPID_SINGLE_CONTEXT_RETAIN_GLOBALS
00:00:00.548149 HM: MSR_IA32_VMX_VMFUNC               = 0x1
00:00:00.548151 HM:   EPTP_SWITCHING
00:00:00.548152 HM: MSR_IA32_VMX_CR0_FIXED0           = 0x80000021
00:00:00.548154 HM: MSR_IA32_VMX_CR0_FIXED1           = 0xffffffff
00:00:00.548157 HM: MSR_IA32_VMX_CR4_FIXED0           = 0x2000
00:00:00.548159 HM: MSR_IA32_VMX_CR4_FIXED1           = 0x772fff
00:00:00.548161 HM: Guest support: 32-bit and 64-bit
00:00:00.548317 HM: Supports VMCS EFER fields         = true
00:00:00.548320 HM: Enabled VMX
00:00:00.548327 HM: Enabled nested paging
00:00:00.548329 HM:   EPT flush type                  = Single context
00:00:00.548331 HM: Enabled unrestricted guest execution
00:00:00.548332 HM: Enabled VPID
00:00:00.548334 HM:   VPID flush type                 = Single context
00:00:00.548336 HM: Enabled VMX-preemption timer (cPreemptTimerShift=5)
00:00:00.548338 HM: VT-x/AMD-V init method: Global
00:00:00.548343 EM: Exit history optimizations: enabled=true enabled-r0=true enabled-r0-no-preemption=false
00:00:00.548409 APIC: fPostedIntrsEnabled=false fVirtApicRegsEnabled=false fSupportsTscDeadline=false
00:00:00.548419 TMR3UtcNow: nsNow=1 747 625 888 828 149 000 nsPrev=0 -> cNsDelta=1 747 625 888 828 149 000 (offLag=0 offVirtualSync=0 offVirtualSyncGivenUp=0, NowAgain=1 747 625 888 828 150 000)
00:00:00.548435 VMM: fUsePeriodicPreemptionTimers=false
00:00:00.552526 CPUM: Logical host processors: 80 present, 80 max, 80 online, online mask: ffffffffffffffff
00:00:00.555882 CPUM: Physical host cores: 80
00:00:00.555883 ************************* CPUID dump ************************
00:00:00.555894          Raw Standard CPUID Leaves
00:00:00.555894      Leaf/sub-leaf  eax      ebx      ecx      edx
00:00:00.555898 Gst: 00000000/0000  00000016 756e6547 6c65746e 49656e69
00:00:00.555900 Hst:                00000016 756e6547 6c65746e 49656e69
00:00:00.555904 Gst: 00000001/0000  00050654 00020800 f6fa3203 178bfbff
00:00:00.555905 Hst:                00050654 4d500800 fffab223 1f8bfbff
00:00:00.555909 Gst: 00000002/0000  00000001 00000000 0000004d 002c307d
00:00:00.555910 Hst:                00000001 00000000 0000004d 002c307d
00:00:00.555913 Gst: 00000003/0000  00000000 00000000 00000000 00000000
00:00:00.555914 Hst:                00000000 00000000 00000000 00000000
00:00:00.555917 Gst: 00000004/0000  04000121 01c0003f 0000003f 00000001
00:00:00.555919 Hst:                3c000121 01c0003f 0000003f 00000001
00:00:00.555922 Gst: 00000004/0001  04000122 01c0003f 0000003f 00000001
00:00:00.555923 Hst:                3c000122 01c0003f 0000003f 00000001
00:00:00.555926 Gst: 00000004/0002  04000143 03c0003f 00000fff 00000001
00:00:00.555927 Hst:                3c000143 03c0003f 00000fff 00000001
00:00:00.555931 Gst: 00000004/0003  04000163 03c0003f 00003fff 00000006
00:00:00.555932 Hst:                3c1fc163 03c0003f 00003fff 00000006
00:00:00.555935 Gst: 00000004/0004  04000000 00000000 00000000 00000000
00:00:00.555936 Hst:                00000000 00000000 00000000 00000000
00:00:00.555939 Gst: 00000005/0000  00000000 00000000 00000000 00000000
00:00:00.555940 Hst:                00000000 00000000 00000003 00000000
00:00:00.555943 Gst: 00000006/0000  00000004 00000000 00000000 00000000
00:00:00.555944 Hst:                00000004 00000000 00000000 00000000
00:00:00.555948 Gst: 00000007/0000  00000000 008c0529 00000000 30000400
00:00:00.555950 Hst:                00000000 d19f4fbb 0000001c bc000400
00:00:00.555953 Gst: 00000007/0001  00000000 00000000 00000000 00000000
00:00:00.555954 Hst:                00000000 00000000 00000000 00000000
00:00:00.555957 Gst: 00000007/0002  00000000 00000000 00000000 00000000
00:00:00.555958 Hst:                00000000 00000000 00000000 00000000
00:00:00.555961 Gst: 00000008/0000  00000000 00000000 00000000 00000000
00:00:00.555962 Hst:                00000000 00000000 00000000 00000000
00:00:00.555965 Gst: 00000009/0000  00000000 00000000 00000000 00000000
00:00:00.555966 Hst:                00000000 00000000 00000000 00000000
00:00:00.555969 Gst: 0000000a/0000  00000000 00000000 00000000 00000000
00:00:00.555970 Hst:                07300402 00000000 00000000 00008603
00:00:00.555973 Gst: 0000000b/0000  00000000 00000001 00000100 00000000
00:00:00.555974 Hst:                00000000 00000001 00000100 0000004d
00:00:00.555977 Gst: 0000000b/0001  00000001 00000002 00000201 00000000
00:00:00.555978 Hst:                00000007 00000050 00000201 0000004d
00:00:00.555981 Gst: 0000000b/0002  00000000 00000000 00000002 00000000
00:00:00.555982 Hst:                00000000 00000000 00000002 0000004d
00:00:00.555985 Gst: 0000000c/0000  00000000 00000000 00000000 00000000
00:00:00.555986 Hst:                00000000 00000000 00000000 00000000
00:00:00.555989 Gst: 0000000d/0000  00000007 00000340 00000340 00000000
00:00:00.555990 Hst:                000002ff 00000a88 00000a88 00000000
00:00:00.555993 Gst: 0000000d/0001  00000000 00000a08 00000000 00000000
00:00:00.555994 Hst:                0000000f 00000a08 00000000 00000000
00:00:00.555997 Gst: 0000000d/0002  00000100 00000240 00000000 00000000
00:00:00.555998 Hst:                00000100 00000240 00000000 00000000
00:00:00.556001 Gst: 0000000d/0003  00000000 00000000 00000000 00000000
00:00:00.556002 Hst:                00000040 000003c0 00000000 00000000
00:00:00.556005 Gst: 0000000d/0004  00000000 00000000 00000000 00000000
00:00:00.556006 Hst:                00000040 00000400 00000000 00000000
00:00:00.556009 Gst: 0000000d/0005  00000000 00000000 00000000 00000000
00:00:00.556010 Hst:                00000040 00000440 00000000 00000000
00:00:00.556013 Gst: 0000000d/0006  00000000 00000000 00000000 00000000
00:00:00.556014 Hst:                00000200 00000480 00000000 00000000
00:00:00.556017 Gst: 0000000d/0007  00000000 00000000 00000000 00000000
00:00:00.556018 Hst:                00000400 00000680 00000000 00000000
00:00:00.556021 Gst: 0000000d/0008  00000000 00000000 00000000 00000000
00:00:00.556022 Hst:                00000000 00000000 00000000 00000000
00:00:00.556025 Gst: 0000000d/0009  00000000 00000000 00000000 00000000
00:00:00.556027 Hst:                00000008 00000a80 00000000 00000000
00:00:00.556030 Gst: 0000000d/000a  00000000 00000000 00000000 00000000
00:00:00.556031 Hst:                00000000 00000000 00000000 00000000
00:00:00.556314 Gst: 0000000e/0000  00000000 00000000 00000000 00000000
00:00:00.556314 Hst:                00000000 00000000 00000000 00000000
00:00:00.556318 Gst: 0000000f/0000  00000000 00000000 00000000 00000000
00:00:00.556318 Hst:                00000000 00000000 00000000 00000000
00:00:00.556322 Gst: 00000010/0000  00000000 00000000 00000000 00000000
00:00:00.556322 Hst:                00000000 00000000 00000000 00000000
00:00:00.556326 Gst: 00000011/0000  00000000 00000000 00000000 00000000
00:00:00.556326 Hst:                00000000 00000000 00000000 00000000
00:00:00.556329 Gst: 00000012/0000  00000000 00000000 00000000 00000000
00:00:00.556330 Hst:                00000000 00000000 00000000 00000000
00:00:00.556333 Gst: 00000013/0000  00000000 00000000 00000000 00000000
00:00:00.556334 Hst:                00000000 00000000 00000000 00000000
00:00:00.556337 Gst: 00000014/0000  00000000 00000000 00000000 00000000
00:00:00.556338 Hst:                00000000 00000000 00000000 00000000
00:00:00.556341 Gst: 00000015/0000  00000000 00000000 00000000 00000000
00:00:00.556342 Hst:                00000000 00000000 00000000 00000000
00:00:00.556345 Gst: 00000016/0000  00000000 00000000 00000000 00000000
00:00:00.556346 Hst:                00000000 00000000 00000000 00000000
00:00:00.556347                                Name: GenuineIntel
00:00:00.556350                            Supports: 0x00000000-0x00000016
00:00:00.556352                              Family:  6 	Extended: 0 	Effective: 6
00:00:00.556353                               Model:  5 	Extended: 5 	Effective: 85
00:00:00.556355                            Stepping: 4
00:00:00.556356                                Type: 0 (primary)
00:00:00.556358                             APIC ID: 0x00
00:00:00.556359                        Logical CPUs: 2
00:00:00.556360                        CLFLUSH Size: 8
00:00:00.556361                            Brand ID: 0x00
00:00:00.556365 Features
00:00:00.556366   Mnemonic - Description                                  = guest (host)
00:00:00.556368   FPU - x87 FPU on Chip                                   = 1 (1)
00:00:00.556371   VME - Virtual 8086 Mode Enhancements                    = 1 (1)
00:00:00.556372   DE - Debugging extensions                               = 1 (1)
00:00:00.556374   PSE - Page Size Extension                               = 1 (1)
00:00:00.556375   TSC - Time Stamp Counter                                = 1 (1)
00:00:00.556377   MSR - Model Specific Registers                          = 1 (1)
00:00:00.556378   PAE - Physical Address Extension                        = 1 (1)
00:00:00.556379   MCE - Machine Check Exception                           = 1 (1)
00:00:00.556381   CX8 - CMPXCHG8B instruction                             = 1 (1)
00:00:00.556382   APIC - APIC On-Chip                                     = 1 (1)
00:00:00.556384   SEP - SYSENTER and SYSEXIT Present                      = 1 (1)
00:00:00.556385   MTRR - Memory Type Range Registers                      = 1 (1)
00:00:00.556386   PGE - PTE Global Bit                                    = 1 (1)
00:00:00.556388   MCA - Machine Check Architecture                        = 1 (1)
00:00:00.556389   CMOV - Conditional Move instructions                    = 1 (1)
00:00:00.556391   PAT - Page Attribute Table                              = 1 (1)
00:00:00.556392   PSE-36 - 36-bit Page Size Extension                     = 1 (1)
00:00:00.556393   PSN - Processor Serial Number                           = 0 (0)
00:00:00.556395   CLFSH - CLFLUSH instruction                             = 1 (1)
00:00:00.556397   DS - Debug Store                                        = 0 (0)
00:00:00.556398   ACPI - Thermal Mon. & Soft. Clock Ctrl.                 = 0 (0)
00:00:00.556400   MMX - Intel MMX Technology                              = 1 (1)
00:00:00.556401   FXSR - FXSAVE and FXRSTOR instructions                  = 1 (1)
00:00:00.556403   SSE - SSE support                                       = 1 (1)
00:00:00.556404   SSE2 - SSE2 support                                     = 1 (1)
00:00:00.556406   SS - Self Snoop                                         = 0 (1)
00:00:00.556407   HTT - Hyper-Threading Technology                        = 1 (1)
00:00:00.556409   TM - Therm. Monitor                                     = 0 (0)
00:00:00.556410   PBE - Pending Break Enabled                             = 0 (0)
00:00:00.556412   SSE3 - SSE3 support                                     = 1 (1)
00:00:00.556414   PCLMUL - PCLMULQDQ support (for AES-GCM)                = 1 (1)
00:00:00.556415   DTES64 - DS Area 64-bit Layout                          = 0 (0)
00:00:00.556416   MONITOR - MONITOR/MWAIT instructions                    = 0 (0)
00:00:00.556417   CPL-DS - CPL Qualified Debug Store                      = 0 (0)
00:00:00.556419   VMX - Virtual Machine Extensions                        = 0 (1)
00:00:00.556420   SMX - Safer Mode Extensions                             = 0 (0)
00:00:00.556421   EST - Enhanced SpeedStep Technology                     = 0 (0)
00:00:00.556422   TM2 - Terminal Monitor 2                                = 0 (0)
00:00:00.556424   SSSE3 - Supplemental Streaming SIMD Extensions 3        = 1 (1)
00:00:00.556425   CNTX-ID - L1 Context ID                                 = 0 (0)
00:00:00.556426   SDBG - Silicon Debug interface                          = 0 (0)
00:00:00.556428   FMA - Fused Multiply Add extensions                     = 1 (1)
00:00:00.556429   CX16 - CMPXCHG16B instruction                           = 1 (1)
00:00:00.556430   TPRUPDATE - xTPR Update Control                         = 0 (0)
00:00:00.556432   PDCM - Perf/Debug Capability MSR                        = 0 (1)
00:00:00.556433   PCID - Process Context Identifiers                      = 1 (1)
00:00:00.556434   DCA - Direct Cache Access                               = 0 (0)
00:00:00.556435   SSE4_1 - SSE4_1 support                                 = 1 (1)
00:00:00.556437   SSE4_2 - SSE4_2 support                                 = 1 (1)
00:00:00.556438   X2APIC - x2APIC support                                 = 1 (1)
00:00:00.556440   MOVBE - MOVBE instruction                               = 1 (1)
00:00:00.556441   POPCNT - POPCNT instruction                             = 1 (1)
00:00:00.556443   TSCDEADL - Time Stamp Counter Deadline                  = 0 (1)
00:00:00.556444   AES - AES instructions                                  = 1 (1)
00:00:00.556445   XSAVE - XSAVE instruction                               = 1 (1)
00:00:00.556447   OSXSAVE - OSXSAVE instruction                           = 0 (1)
00:00:00.556448   AVX - AVX support                                       = 1 (1)
00:00:00.556449   F16C - 16-bit floating point conversion instructions    = 1 (1)
00:00:00.556450   RDRAND - RDRAND instruction                             = 1 (1)
00:00:00.556452   HVP - Hypervisor Present (we're a guest)                = 1 (1)
00:00:00.556453 Structured Extended Feature Flags Enumeration (leaf 7):
00:00:00.556457 Sub-leaf 0
00:00:00.556457   Mnemonic - Description                                  = guest (host)
00:00:00.556459   FSGSBASE - RDFSBASE/RDGSBASE/WRFSBASE/WRGSBASE instr.   = 1 (1)
00:00:00.556460   TSCADJUST - Supports MSR_IA32_TSC_ADJUST                = 0 (1)
00:00:00.556461   SGX - Supports Software Guard Extensions                = 0 (0)
00:00:00.556462   BMI1 - Advanced Bit Manipulation extension 1            = 1 (1)
00:00:00.556463   HLE - Hardware Lock Elision                             = 0 (1)
00:00:00.556465   AVX2 - Advanced Vector Extensions 2                     = 1 (1)
00:00:00.556466   FDP_EXCPTN_ONLY - FPU DP only updated on exceptions     = 0 (0)
00:00:00.556467   SMEP - Supervisor Mode Execution Prevention             = 0 (1)
00:00:00.556468   BMI2 - Advanced Bit Manipulation extension 2            = 1 (1)
00:00:00.556469   ERMS - Enhanced REP MOVSB/STOSB instructions            = 0 (1)
00:00:00.556470   INVPCID - INVPCID instruction                           = 1 (1)
00:00:00.556472   RTM - Restricted Transactional Memory                   = 0 (1)
00:00:00.556473   PQM - Platform Quality of Service Monitoring            = 0 (0)
00:00:00.556474   DEPFPU_CS_DS - Deprecates FPU CS, FPU DS values if set  = 0 (0)
00:00:00.556475   MPE - Intel Memory Protection Extensions                = 0 (1)
00:00:00.556476   PQE - Platform Quality of Service Enforcement           = 0 (0)
00:00:00.556477   AVX512F - AVX512 Foundation instructions                = 0 (1)
00:00:00.556478   17 - Reserved                                           = 0 (1)
00:00:00.556480   RDSEED - RDSEED instruction                             = 1 (1)
00:00:00.556481   ADX - ADCX/ADOX instructions                            = 1 (1)
00:00:00.556482   SMAP - Supervisor Mode Access Prevention                = 0 (1)
00:00:00.556484   CLFLUSHOPT - CLFLUSHOPT (Cache Line Flush) instruction  = 1 (1)
00:00:00.556484   CLWB - CLWB instruction                                 = 0 (1)
00:00:00.556486   INTEL_PT - Intel Processor Trace                        = 0 (0)
00:00:00.556487   AVX512PF - AVX512 Prefetch instructions                 = 0 (0)
00:00:00.556488   AVX512ER - AVX512 Exponential & Reciprocal instructions = 0 (0)
00:00:00.556489   AVX512CD - AVX512 Conflict Detection instructions       = 0 (1)
00:00:00.556490   SHA - Secure Hash Algorithm extensions                  = 0 (0)
00:00:00.556491   30 - Reserved                                           = 0 (1)
00:00:00.556493   31 - Reserved                                           = 0 (1)
00:00:00.556495   PREFETCHWT1 - PREFETCHWT1 instruction                   = 0 (0)
00:00:00.556496   UMIP - User mode insturction prevention                 = 0 (1)
00:00:00.556497   PKU - Protection Key for Usermode pages                 = 0 (1)
00:00:00.556499   OSPKE - CR4.PKU mirror                                  = 0 (1)
00:00:00.556500   MAWAU - Value used by BNDLDX & BNDSTX                   = 0x0 (0x0)
00:00:00.556502   RDPID - Read processor ID support                       = 0 (0)
00:00:00.556503   SGX_LC - Supports SGX Launch Configuration              = 0 (0)
00:00:00.556505   MCU_OPT_CTRL - Supports IA32_MCU_OPT_CTRL               = 0 (0)
00:00:00.556506   MD_CLEAR - Supports MDS related buffer clearing         = 1 (1)
00:00:00.556507   TSX_FORCE_ABORT - Supports IA32_TSX_FORCE_ABORT         = 0 (0)
00:00:00.556508   CET_IBT - Supports indirect branch tracking w/ CET      = 0 (0)
00:00:00.556509   IBRS_IBPB - IA32_SPEC_CTRL.IBRS and IA32_PRED_CMD.IBPB  = 0 (1)
00:00:00.556510   STIBP - Supports IA32_SPEC_CTRL.STIBP                   = 0 (1)
00:00:00.556511   FLUSH_CMD - Supports IA32_FLUSH_CMD                     = 1 (1)
00:00:00.556512   ARCHCAP - Supports IA32_ARCH_CAP                        = 1 (1)
00:00:00.556514   CORECAP - Supports IA32_CORE_CAP                        = 0 (0)
00:00:00.556515   SSBD - Supports IA32_SPEC_CTRL.SSBD                     = 0 (1)
00:00:00.556521  Sub-leaf 2
00:00:00.556522   Mnemonic - Description                                  = guest (host)
00:00:00.556523   PSFD - Supports IA32_SPEC_CTRL[7] (PSFD)                = 0 (0)
00:00:00.556525   IPRED_CTRL - Supports IA32_SPEC_CTRL[4:3] (IPRED_DIS)   = 0 (0)
00:00:00.556525   RRSBA_CTRL - Supports IA32_SPEC_CTRL[6:5] (RRSBA_DIS)   = 0 (0)
00:00:00.556526   DDPD_U - Supports IA32_SPEC_CTRL[8] (DDPD_U)            = 0 (0)
00:00:00.556528   BHI_CTRL - Supports IA32_SPEC_CTRL[10] (BHI_DIS_S)      = 0 (0)
00:00:00.556529   MCDT_NO - No MXCSR Config Dependent Timing issues       = 0 (0)
00:00:00.556530   UC_LOCK_DIS - Supports UC-lock disable and causing #AC  = 0 (0)
00:00:00.556531   MONITOR_MITG_NO - No MONITOR/UMONITOR power issues      = 0 (0)
00:00:00.556532 Processor Extended State Enumeration (leaf 0xd):
00:00:00.556536    XSAVE area cur/max size by XCR0, guest: 0x340/0x340
00:00:00.556537     XSAVE area cur/max size by XCR0, host: 0xa88/0xa88
00:00:00.556538                    Valid XCR0 bits, guest: 0x00000000`00000007 ( x87 SSE YMM_Hi128 )
00:00:00.556541                     Valid XCR0 bits, host: 0x00000000`000002ff ( x87 SSE YMM_Hi128 BNDREGS BNDCSR Opmask ZMM_Hi256 Hi16_ZMM 9 )
00:00:00.556548                     XSAVE features, guest:
00:00:00.556549                      XSAVE features, host: XSAVEOPT XSAVEC XGETBC1 XSAVES
00:00:00.556551       XSAVE area cur size XCR0|XSS, guest: 0xa08
00:00:00.556552        XSAVE area cur size XCR0|XSS, host: 0xa08
00:00:00.556553                Valid IA32_XSS bits, guest: 0x00000000`00000000
00:00:00.556554                 Valid IA32_XSS bits, host: 0x00000000`00000000
00:00:00.556557   State #2, guest: off=0x0240, cb=0x0100 IA32_XSS-bit -- YMM_Hi128
00:00:00.556559   State #2, host:  off=0x0240, cb=0x0100 IA32_XSS-bit -- YMM_Hi128
00:00:00.556563   State #3, host:  off=0x03c0, cb=0x0040 IA32_XSS-bit -- BNDREGS
00:00:00.556567   State #4, host:  off=0x0400, cb=0x0040 IA32_XSS-bit -- BNDCSR
00:00:00.556570   State #5, host:  off=0x0440, cb=0x0040 IA32_XSS-bit -- Opmask
00:00:00.556574   State #6, host:  off=0x0480, cb=0x0200 IA32_XSS-bit -- ZMM_Hi256
00:00:00.556578   State #7, host:  off=0x0680, cb=0x0400 IA32_XSS-bit -- Hi16_ZMM
00:00:00.556583   State #9, host:  off=0x0a80, cb=0x0008 IA32_XSS-bit -- 9
00:00:00.556712          Raw Hypervisor CPUID Leaves
00:00:00.556712      Leaf/sub-leaf  eax      ebx      ecx      edx
00:00:00.556715 Gst: 40000000/0000  40000001 4b4d564b 564b4d56 0000004d
00:00:00.556717 Hst:                40000001 4b4d564b 564b4d56 0000004d
00:00:00.556720 Gst: 40000001/0000  01000089 00000000 00000000 00000000
00:00:00.556722 Hst:                01007afb 00000000 00000000 00000000
00:00:00.556725          Raw Extended CPUID Leaves
00:00:00.556726      Leaf/sub-leaf  eax      ebx      ecx      edx
00:00:00.556729 Gst: 80000000/0000  80000008 756e6547 6c65746e 49656e69
00:00:00.556730 Hst:                80000008 756e6547 6c65746e 49656e69
00:00:00.556734 Gst: 80000001/0000  00050654 00000000 00000121 28100800
00:00:00.556735 Hst:                00050654 00000000 00000121 2c100800
00:00:00.556738 Gst: 80000002/0000  65746e49 2952286c 6f655820 2952286e
00:00:00.556740 Hst:                65746e49 2952286c 6f655820 2952286e
00:00:00.556743 Gst: 80000003/0000  6c6f4720 31362064 43203833 40205550
00:00:00.556744 Hst:                6c6f4720 31362064 43203833 40205550
00:00:00.556748 Gst: 80000004/0000  302e3220 7a484730 00000000 00000000
00:00:00.556749 Hst:                302e3220 7a484730 00000000 00000000
00:00:00.556752 Gst: 80000005/0000  01ff01ff 01ff01ff 40020140 40020140
00:00:00.556754 Hst:                01ff01ff 01ff01ff 40020140 40020140
00:00:00.556757 Gst: 80000006/0000  00000000 42004200 02008140 00808140
00:00:00.556759 Hst:                00000000 42004200 02008140 00808140
00:00:00.556762 Gst: 80000007/0000  00000000 00000000 00000000 00000000
00:00:00.556763 Hst:                00000000 00000000 00000000 00000000
00:00:00.556766 Gst: 80000008/0000  0000302e 00000000 00000000 00000000
00:00:00.556767 Hst:                0000302e 0100d000 0000704f 00000000
00:00:00.556769 Ext Name:                        GenuineIntel
00:00:00.556769 Ext Supports:                    0x80000000-0x80000008
00:00:00.556771 Family:                          6  	Extended: 0 	Effective: 6
00:00:00.556771 Model:                           5  	Extended: 5 	Effective: 85
00:00:00.556772 Stepping:                        4
00:00:00.556773 Brand ID:                        0x000
00:00:00.556776 Ext Features
00:00:00.556776   Mnemonic - Description                                  = guest (host)
00:00:00.556778   FPU - x87 FPU on Chip                                   = 0 (0)
00:00:00.556780   VME - Virtual 8086 Mode Enhancements                    = 0 (0)
00:00:00.556781   DE - Debugging extensions                               = 0 (0)
00:00:00.556783   PSE - Page Size Extension                               = 0 (0)
00:00:00.556784   TSC - Time Stamp Counter                                = 0 (0)
00:00:00.556786   MSR - K86 Model Specific Registers                      = 0 (0)
00:00:00.556787   PAE - Physical Address Extension                        = 0 (0)
00:00:00.556788   MCE - Machine Check Exception                           = 0 (0)
00:00:00.556790   CX8 - CMPXCHG8B instruction                             = 0 (0)
00:00:00.556791   APIC - APIC On-Chip                                     = 0 (0)
00:00:00.556792   SEP - SYSCALL/SYSRET                                    = 1 (1)
00:00:00.556794   MTRR - Memory Type Range Registers                      = 0 (0)
00:00:00.556795   PGE - PTE Global Bit                                    = 0 (0)
00:00:00.556797   MCA - Machine Check Architecture                        = 0 (0)
00:00:00.556798   CMOV - Conditional Move instructions                    = 0 (0)
00:00:00.556799   PAT - Page Attribute Table                              = 0 (0)
00:00:00.556800   PSE-36 - 36-bit Page Size Extension                     = 0 (0)
00:00:00.556802   NX - No-Execute/Execute-Disable                         = 1 (1)
00:00:00.556803   AXMMX - AMD Extensions to MMX instructions              = 0 (0)
00:00:00.556804   MMX - Intel MMX Technology                              = 0 (0)
00:00:00.556805   FXSR - FXSAVE and FXRSTOR Instructions                  = 0 (0)
00:00:00.556807   FFXSR - AMD fast FXSAVE and FXRSTOR instructions        = 0 (0)
00:00:00.556807   Page1GB - 1 GB large page                               = 0 (1)
00:00:00.556809   RDTSCP - RDTSCP instruction                             = 1 (1)
00:00:00.556810   LM - AMD64 Long Mode                                    = 1 (1)
00:00:00.556812   3DNOWEXT - AMD Extensions to 3DNow                      = 0 (0)
00:00:00.556813   3DNOW - AMD 3DNow                                       = 0 (0)
00:00:00.556815   LahfSahf - LAHF/SAHF support in 64-bit mode             = 1 (1)
00:00:00.556816   CmpLegacy - Core multi-processing legacy mode           = 0 (0)
00:00:00.556817   SVM - AMD Secure Virtual Machine extensions             = 0 (0)
00:00:00.556818   EXTAPIC - AMD Extended APIC registers                   = 0 (0)
00:00:00.556819   CR8L - AMD LOCK MOV CR0 means MOV CR8                   = 0 (0)
00:00:00.556820   ABM - AMD Advanced Bit Manipulation                     = 1 (1)
00:00:00.556821   SSE4A - SSE4A instructions                              = 0 (0)
00:00:00.556823   MISALIGNSSE - AMD Misaligned SSE mode                   = 0 (0)
00:00:00.556824   3DNOWPRF - AMD PREFETCH and PREFETCHW instructions      = 1 (1)
00:00:00.556825   OSVW - AMD OS Visible Workaround                        = 0 (0)
00:00:00.556826   IBS - Instruct Based Sampling                           = 0 (0)
00:00:00.556828   XOP - Extended Operation support                        = 0 (0)
00:00:00.556829   SKINIT - SKINIT, STGI, and DEV support                  = 0 (0)
00:00:00.556830   WDT - AMD Watchdog Timer support                        = 0 (0)
00:00:00.556831   LWP - Lightweight Profiling support                     = 0 (0)
00:00:00.556832   FMA4 - Four operand FMA instruction support             = 0 (0)
00:00:00.556834   TCE - Translation Cache Extension support               = 0 (0)
00:00:00.556835   NodeId - NodeId in MSR C001_100C                        = 0 (0)
00:00:00.556836   TBM - Trailing Bit Manipulation instructions            = 0 (0)
00:00:00.556837   TOPOEXT - Topology Extensions                           = 0 (0)
00:00:00.556838   PRFEXTCORE - Performance Counter Extensions support     = 0 (0)
00:00:00.556839   PRFEXTNB - NB Performance Counter Extensions support    = 0 (0)
00:00:00.556841   DATABPEXT - Data-access Breakpoint Extension            = 0 (0)
00:00:00.556842   PERFTSC - Performance Time Stamp Counter                = 0 (0)
00:00:00.556843   PCX_L2I - L2I/L3 Performance Counter Extensions         = 0 (0)
00:00:00.556844   MONITORX - MWAITX and MONITORX instructions             = 0 (0)
00:00:00.556846   AddrMaskExt - BP Addressing masking extended to bit 31  = 0 (0)
00:00:00.556847 Full Name:                       "Intel(R) Xeon(R) Gold 6138 CPU @ 2.00GHz"
00:00:00.556848 TLB 2/4M Instr/Uni:              direct 255 entries
00:00:00.556849 TLB 2/4M Data:                   direct 255 entries
00:00:00.556850 TLB 4K Instr/Uni:                direct 255 entries
00:00:00.556850 TLB 4K Data:                     direct 255 entries
00:00:00.556852 L1 Instr Cache Line Size:        64 bytes
00:00:00.556852 L1 Instr Cache Lines Per Tag:    1
00:00:00.556853 L1 Instr Cache Associativity:    2 way
00:00:00.556853 L1 Instr Cache Size:             64 KB
00:00:00.556854 L1 Data Cache Line Size:         64 bytes
00:00:00.556854 L1 Data Cache Lines Per Tag:     1
00:00:00.556855 L1 Data Cache Associativity:     2 way
00:00:00.556855 L1 Data Cache Size:              64 KB
00:00:00.556856 L2 TLB 2/4M Instr/Uni:           off       0 entries
00:00:00.556856 L2 TLB 2/4M Data:                off       0 entries
00:00:00.556857 L2 TLB 4K Instr/Uni:             4 way   512 entries
00:00:00.556858 L2 TLB 4K Data:                  4 way   512 entries
00:00:00.556858 L2 Cache Line Size:              64 bytes
00:00:00.556859 L2 Cache Lines Per Tag:          1
00:00:00.556859 L2 Cache Associativity:          16 way
00:00:00.556860 L2 Cache Size:                   512 KB
00:00:00.556860 L3 Cache Line Size:              64 bytes
00:00:00.556861 L3 Cache Lines Per Tag:          1
00:00:00.556861 L3 Cache Associativity:          16 way
00:00:00.556861 L3 Cache Size:                   16384 KB
00:00:00.556867 Ext Features ext IDs EBX
00:00:00.556867   Mnemonic - Description                                  = guest (host)
00:00:00.556869   CLZERO - Clear zero instruction (cacheline)             = 0 (0)
00:00:00.556870   IRPerf - Instructions retired count support             = 0 (0)
00:00:00.556871   XSaveErPtr - Save/restore error pointers (FXSAVE/RSTOR) = 0 (0)
00:00:00.556872   INVLPGB - INVLPGB and TLBSYNC instructions              = 0 (0)
00:00:00.556873   RDPRU - RDPRU instruction                               = 0 (0)
00:00:00.556875   BE - Bandwidth Enforcement extension                    = 0 (0)
00:00:00.556876   MCOMMIT - MCOMMIT instruction                           = 0 (0)
00:00:00.556877   WBNOINVD - WBNOINVD instruction                         = 0 (0)
00:00:00.556879   IBPB - Supports the IBPB command in IA32_PRED_CMD       = 0 (1)
00:00:00.556880   INT_WBINVD - WBINVD/WBNOINVD interruptible              = 0 (0)
00:00:00.556881   IBRS - Indirect Branch Restricted Speculation           = 0 (1)
00:00:00.556882   STIBP - Single Thread Indirect Branch Prediction        = 0 (1)
00:00:00.556883   IbrsAlwaysOn - Processor prefers that IBRS be left on   = 0 (0)
00:00:00.556884   StibpAlwaysOn - Processor prefers that STIBP be left on = 0 (0)
00:00:00.556885   IbrsPreferred - IBRS preferred over software solution   = 0 (0)
00:00:00.556885   IbrsSameMode - IBRS limits same mode speculation        = 0 (0)
00:00:00.556886   EferLmsleUnsupported - EFER.LMSLE is unsupported        = 0 (0)
00:00:00.556887   INVLPGBnestedPages - INVLPGB for nested translation     = 0 (0)
00:00:00.556889   PPIN - Protected processor inventory number             = 0 (0)
00:00:00.556890   SSBD - Speculative Store Bypass Disable                 = 0 (1)
00:00:00.556891   SsbdVirtSpecCtrl - Use VIRT_SPEC_CTL for SSBD           = 0 (0)
00:00:00.556892   SsbdNotRequired - SSBD not needed on this processor     = 0 (0)
00:00:00.556893   CPPC - Collaborative Processor Performance Control      = 0 (0)
00:00:00.556894   PSFD - Predictive Store Forward Disable                 = 0 (0)
00:00:00.556895   BTC_NO - Unaffected by branch type confusion            = 0 (0)
00:00:00.556896   IBPB_RET - Clears RA predictor when PRED_CMD.IBPB set   = 0 (0)
00:00:00.556897 Physical Address Width:          46 bits
00:00:00.556898 Virtual Address Width:           48 bits
00:00:00.556899 Max page count for INVLPGB:      0x302e
00:00:00.556899 Max ECX for RDPRU:               0x0
00:00:00.556903 
00:00:00.556903 ******************** End of CPUID dump **********************
00:00:00.556904 *********************** VT-x features ***********************
00:00:00.556906 Nested hardware virtualization - VMX features
00:00:00.556907   Mnemonic - Description                                  = guest (host)
00:00:00.556907   VMX - Virtual-Machine Extensions                        = 0 (1)
00:00:00.556908   InsOutInfo - INS/OUTS instruction info.                 = 0 (1)
00:00:00.556909   ExtIntExit - External interrupt exiting                 = 0 (1)
00:00:00.556909   NmiExit - NMI exiting                                   = 0 (1)
00:00:00.556910   VirtNmi - Virtual NMIs                                  = 0 (1)
00:00:00.556911   PreemptTimer - VMX preemption timer                     = 0 (1)
00:00:00.556911   PostedInt - Posted interrupts                           = 0 (1)
00:00:00.556912   IntWindowExit - Interrupt-window exiting                = 0 (1)
00:00:00.556913   TscOffsetting - TSC offsetting                          = 0 (1)
00:00:00.556913   HltExit - HLT exiting                                   = 0 (1)
00:00:00.556914   InvlpgExit - INVLPG exiting                             = 0 (1)
00:00:00.556915   MwaitExit - MWAIT exiting                               = 0 (1)
00:00:00.556915   RdpmcExit - RDPMC exiting                               = 0 (1)
00:00:00.556916   RdtscExit - RDTSC exiting                               = 0 (1)
00:00:00.556917   Cr3LoadExit - CR3-load exiting                          = 0 (1)
00:00:00.556917   Cr3StoreExit - CR3-store exiting                        = 0 (1)
00:00:00.556918   TertiaryExecCtls - Activate tertiary controls           = 0 (0)
00:00:00.556918   Cr8LoadExit  - CR8-load exiting                         = 0 (1)
00:00:00.556919   Cr8StoreExit - CR8-store exiting                        = 0 (1)
00:00:00.556920   UseTprShadow - Use TPR shadow                           = 0 (1)
00:00:00.556920   NmiWindowExit - NMI-window exiting                      = 0 (1)
00:00:00.556921   MovDRxExit - Mov-DR exiting                             = 0 (1)
00:00:00.556922   UncondIoExit - Unconditional I/O exiting                = 0 (1)
00:00:00.556922   UseIoBitmaps - Use I/O bitmaps                          = 0 (1)
00:00:00.556923   MonitorTrapFlag - Monitor Trap Flag                     = 0 (1)
00:00:00.556923   UseMsrBitmaps - MSR bitmaps                             = 0 (1)
00:00:00.556924   MonitorExit - MONITOR exiting                           = 0 (1)
00:00:00.556925   PauseExit - PAUSE exiting                               = 0 (1)
00:00:00.556926   SecondaryExecCtl - Activate secondary controls          = 0 (1)
00:00:00.556926   VirtApic - Virtualize-APIC accesses                     = 0 (1)
00:00:00.556927   Ept - Extended Page Tables                              = 0 (1)
00:00:00.556928   DescTableExit - Descriptor-table exiting                = 0 (1)
00:00:00.556928   Rdtscp - Enable RDTSCP                                  = 0 (1)
00:00:00.556929   VirtX2ApicMode - Virtualize-x2APIC mode                 = 0 (1)
00:00:00.556930   Vpid - Enable VPID                                      = 0 (1)
00:00:00.556930   WbinvdExit - WBINVD exiting                             = 0 (1)
00:00:00.556931   UnrestrictedGuest - Unrestricted guest                  = 0 (1)
00:00:00.556931   ApicRegVirt - APIC-register virtualization              = 0 (1)
00:00:00.556932   VirtIntDelivery - Virtual-interrupt delivery            = 0 (1)
00:00:00.556933   PauseLoopExit - PAUSE-loop exiting                      = 0 (0)
00:00:00.556933   RdrandExit - RDRAND exiting                             = 0 (1)
00:00:00.556934   Invpcid - Enable INVPCID                                = 0 (1)
00:00:00.556935   VmFuncs - Enable VM Functions                           = 0 (1)
00:00:00.556936   VmcsShadowing - VMCS shadowing                          = 0 (1)
00:00:00.556936   RdseedExiting - RDSEED exiting                          = 0 (1)
00:00:00.556937   PML - Page-Modification Log                             = 0 (1)
00:00:00.556938   EptVe - EPT violations can cause #VE                    = 0 (0)
00:00:00.556939   ConcealVmxFromPt - Conceal VMX from Processor Trace     = 0 (0)
00:00:00.556939   XsavesXRstors - Enable XSAVES/XRSTORS                   = 0 (1)
00:00:00.556940   PasidTranslate - PASID translation                      = 0 (0)
00:00:00.556941   ModeBasedExecuteEpt - Mode-based execute permissions    = 0 (0)
00:00:00.556941   SppEpt - Sub-page page write permissions for EPT        = 0 (0)
00:00:00.556942   PtEpt - Processor Trace address' translatable by EPT    = 0 (0)
00:00:00.556943   UseTscScaling - Use TSC scaling                         = 0 (1)
00:00:00.556943   UserWaitPause - Enable TPAUSE, UMONITOR and UMWAIT      = 0 (0)
00:00:00.556944   Pconfig - Enable PCONFIG                                = 0 (0)
00:00:00.556944   EnclvExit - ENCLV exiting                               = 0 (0)
00:00:00.556945   BusLockDetect - VMM Bus-Lock detection                  = 0 (0)
00:00:00.556946   InstrTimeout - Instruction timeout                      = 0 (0)
00:00:00.556946   LoadIwKeyExit - LOADIWKEY exiting                       = 0 (0)
00:00:00.556947   HLAT - Hypervisor-managed linear-address translation    = 0 (0)
00:00:00.556948   EptPagingWrite - EPT paging-write                       = 0 (0)
00:00:00.556948   GstPagingVerify - Guest-paging verification             = 0 (0)
00:00:00.556949   IpiVirt - IPI virtualization                            = 0 (0)
00:00:00.556949   VirtSpecCtrl - Virtualize IA32_SPEC_CTRL                = 0 (0)
00:00:00.556950   EntryLoadDebugCtls - Load debug controls on VM-entry    = 0 (1)
00:00:00.556951   Ia32eModeGuest - IA-32e mode guest                      = 0 (1)
00:00:00.556951   EntryLoadEferMsr - Load IA32_EFER MSR on VM-entry       = 0 (1)
00:00:00.556952   EntryLoadPatMsr - Load IA32_PAT MSR on VM-entry         = 0 (1)
00:00:00.556952   ExitSaveDebugCtls - Save debug controls on VM-exit      = 0 (1)
00:00:00.556953   HostAddrSpaceSize - Host address-space size             = 0 (1)
00:00:00.556954   ExitAckExtInt - Acknowledge interrupt on VM-exit        = 0 (1)
00:00:00.556954   ExitSavePatMsr - Save IA32_PAT MSR on VM-exit           = 0 (1)
00:00:00.556955   ExitLoadPatMsr - Load IA32_PAT MSR on VM-exit           = 0 (1)
00:00:00.556956   ExitSaveEferMsr - Save IA32_EFER MSR on VM-exit         = 0 (1)
00:00:00.556956   ExitLoadEferMsr - Load IA32_EFER MSR on VM-exit         = 0 (1)
00:00:00.556957   SavePreemptTimer - Save VMX-preemption timer            = 0 (1)
00:00:00.556957   SecondaryExitCtls - Secondary VM-exit controls          = 0 (0)
00:00:00.556958   ExitSaveEferLma - Save IA32_EFER.LMA on VM-exit         = 0 (1)
00:00:00.556959   IntelPt - Intel Processor Trace in VMX operation        = 0 (0)
00:00:00.556959   VmwriteAll - VMWRITE to any supported VMCS field        = 0 (1)
00:00:00.556960   EntryInjectSoftInt - Inject softint. with 0-len instr.  = 0 (0)
00:00:00.556961 
00:00:00.556961 ******************* End of VT-x features ********************
00:00:00.558301 VMEmt: Halt method global1 (5)
00:00:00.558639 VMEmt: HaltedGlobal1 config: cNsSpinBlockThresholdCfg=2000
00:00:00.558762 Changing the VM state from 'CREATING' to 'CREATED'
00:00:00.570207 NAT: DNS settings changed, triggering update
00:00:00.572851 Changing the VM state from 'CREATED' to 'POWERING_ON'
00:00:00.573730 Changing the VM state from 'POWERING_ON' to 'RUNNING'
00:00:00.573752 Console: Machine state changed to 'Running'
00:00:00.576762 VBoxHeadless: starting event loop
00:00:00.732634 VMMDev: Guest Log: BIOS: VirtualBox 7.1.8
00:00:00.733557 PCI: Setting up resources and interrupts
00:00:00.734314 PIT: mode=2 count=0x10000 (65536) - 18.20 Hz (ch=0)
00:00:00.844576 Display::i_handleDisplayResize: uScreenId=0 pvVRAM=0000000000000000 w=720 h=400 bpp=0 cbLine=0x0 flags=0x0 origin=0,0
00:00:00.851681 VMMDev: Guest Log: CPUID EDX: 0x178bfbff
00:00:00.853241 PIIX3 ATA: Ctl#0: RESET, DevSel=0 AIOIf=0 CmdIf0=0x00 (-1 usec ago) CmdIf1=0x00 (-1 usec ago)
00:00:00.853579 PIIX3 ATA: Ctl#0: finished processing RESET
00:00:00.967099 PIT: mode=2 count=0x48d3 (18643) - 64.00 Hz (ch=0)
00:00:01.008995 Display::i_handleDisplayResize: uScreenId=0 pvVRAM=000074d95ce7d000 w=640 h=480 bpp=32 cbLine=0xA00 flags=0x0 origin=0,0
00:00:03.469428 Display::i_handleDisplayResize: uScreenId=0 pvVRAM=000074d95ce7d000 w=640 h=480 bpp=0 cbLine=0x280 flags=0x0 origin=0,0
00:00:03.531941 Display::i_handleDisplayResize: uScreenId=0 pvVRAM=0000000000000000 w=720 h=400 bpp=0 cbLine=0x0 flags=0x0 origin=0,0
00:00:03.550362 PIT: mode=2 count=0x10000 (65536) - 18.20 Hz (ch=0)
00:00:03.557734 VMMDev: Guest Log: BIOS: Boot : bseqnr=1, bootseq=0003
00:00:03.569539 VMMDev: Guest Log: BIOS: Booting from CD-ROM...
00:00:05.921421 GIM: KVM: VCPU  0: Enabled system-time struct. at 0x00000001632cc000 - u32TscScale=0x804cfca9 i8TscShift=0 uVersion=2 fFlags=0x1 uTsc=0x27bc5e7ae uVirtNanoTS=0x13ea22612 TscKHz=1995312
00:00:05.921611 TM: Switching TSC mode from 'VirtTSCEmulated' to 'RealTSCOffset'
00:00:07.585959 GIM: KVM: Enabled wall-clock struct. at 0x00000001632cb040 - u32Sec=1747625895 u32Nano=865253270 uVersion=2
00:00:08.749543 PIT: mode=2 count=0x4a9 (1193) - 1000.15 Hz (ch=0)
00:00:08.825234 IEM: rdmsr(0x4e) -> #GP(0)
00:00:09.211613 PIT: mode=0 count=0x10000 (65536) - 18.20 Hz (ch=0)
00:00:09.309265 GIM: KVM: VCPU  1: Enabled system-time struct. at 0x00000001632cc040 - u32TscScale=0x804cfca9 i8TscShift=0 uVersion=2 fFlags=0x1 uTsc=0x413ad40d5 uVirtNanoTS=0x20b107dea TscKHz=1995312
00:00:09.332854 IEM: rdmsr(0x4e) -> #GP(0)
00:00:12.332374 PIIX3 ATA: Ctl#0: RESET, DevSel=0 AIOIf=0 CmdIf0=0xa0 (-1 usec ago) CmdIf1=0x00 (-1 usec ago)
00:00:12.332737 PIIX3 ATA: Ctl#0: finished processing RESET
00:00:14.946690 IEM: rdmsr(0xc0011029) -> #GP(0)
00:00:16.598538 NAT: Link up
